2022-07-29 00:09:30,(2(0)-1659024570:165866),blockDrv.BD_Cycles,256,2
2022-07-29 00:09:29,(2(0)-1659024569:165940),systemResources.CPU_00,19205,2.00 percent
2022-07-29 00:09:29,(2(0)-1659024569:165996),systemResources.CPU_01,19206,1.02 percent
2022-07-29 00:09:29,(2(0)-1659024569:166047),systemResources.CPU_02,19207,2.06 percent
2022-07-29 00:09:29,(2(0)-1659024569:166097),systemResources.CPU_03,19208,2.00 percent
2022-07-29 00:09:29,(2(0)-1659024569:166147),systemResources.CPU_04,19209,1.00 percent
2022-07-29 00:09:29,(2(0)-1659024569:166191),systemResources.CPU_05,19210,3.00 percent
2022-07-29 00:09:29,(2(0)-1659024569:166227),systemResources.CPU_06,19211,2.00 percent
2022-07-29 00:09:29,(2(0)-1659024569:166278),systemResources.CPU_07,19212,1.00 percent
2022-07-29 00:09:29,(2(0)-1659024569:166280),systemResources.CPU,19204,1.76 percent
2022-07-29 00:09:29,(2(0)-1659024569:166312),systemResources.MEMORY_TOTAL,19200,16120712 KB
2022-07-29 00:09:29,(2(0)-1659024569:166314),systemResources.MEMORY_USED,19201,4285008 KB
2022-07-29 00:09:29,(2(0)-1659024569:166321),systemResources.NON_VOLATILE_FREE,19203,475442908 KB
2022-07-29 00:09:29,(2(0)-1659024569:166321),systemResources.NON_VOLATILE_TOTAL,19202,490617784 KB
2022-07-29 00:09:29,(2(0)-1659024569:166324),systemResources.FRAMEWORK_VERSION,19221,v3.1.0-51-g1f7b07da3
2022-07-29 00:09:29,(2(0)-1659024569:166326),systemResources.PROJECT_VERSION,19222,v3.1.0-51-g1f7b07da3
2022-07-29 00:09:29,(2(0)-1659024569:166329),rateGroup1Comp.RgMaxTime,512,727 us
2022-07-29 00:09:30,(2(0)-1659024570:166194),systemResources.CPU_00,19205,1.01 percent
2022-07-29 00:09:30,(2(0)-1659024570:166291),systemResources.CPU_01,19206,2.02 percent
2022-07-29 00:09:30,(2(0)-1659024570:166349),systemResources.CPU_02,19207,1.98 percent
2022-07-29 00:09:30,(2(0)-1659024570:166402),systemResources.CPU_03,19208,9.18 percent
2022-07-29 00:09:30,(2(0)-1659024570:166437),systemResources.CPU_04,19209,6.12 percent
2022-07-29 00:09:30,(2(0)-1659024570:166466),systemResources.CPU_05,19210,1.01 percent
2022-07-29 00:09:30,(2(0)-1659024570:166496),systemResources.CPU_06,19211,9.00 percent
2022-07-29 00:09:30,(2(0)-1659024570:166525),systemResources.CPU_07,19212,0.00 percent
2022-07-29 00:09:30,(2(0)-1659024570:166527),systemResources.CPU,19204,3.79 percent
2022-07-29 00:09:30,(2(0)-1659024570:166562),systemResources.MEMORY_TOTAL,19200,16120712 KB
2022-07-29 00:09:30,(2(0)-1659024570:166564),systemResources.MEMORY_USED,19201,4328744 KB
2022-07-29 00:09:30,(2(0)-1659024570:166572),systemResources.NON_VOLATILE_FREE,19203,475442900 KB
2022-07-29 00:09:30,(2(0)-1659024570:166573),systemResources.NON_VOLATILE_TOTAL,19202,490617784 KB
2022-07-29 00:09:30,(2(0)-1659024570:166575),systemResources.FRAMEWORK_VERSION,19221,v3.1.0-51-g1f7b07da3
2022-07-29 00:09:30,(2(0)-1659024570:166578),systemResources.PROJECT_VERSION,19222,v3.1.0-51-g1f7b07da3
2022-07-29 00:09:30,(2(0)-1659024570:166581),rateGroup1Comp.RgMaxTime,512,749 us
2022-07-29 00:09:31,(2(0)-1659024571:166062),blockDrv.BD_Cycles,256,3
2022-07-29 00:09:30,(2(0)-1659024570:166004),sendBuffComp.SendState,9732,SEND_IDLE
2022-07-29 00:09:30,(2(0)-1659024570:166015),rateGroup2Comp.RgMaxTime,768,183 us
2022-07-29 00:09:32,(2(0)-1659024572:166194),blockDrv.BD_Cycles,256,4
2022-07-29 00:09:32,(2(0)-1659024572:166212),sendBuffComp.SendState,9732,SEND_IDLE
2022-07-29 00:09:31,(2(0)-1659024571:166399),systemResources.CPU_00,19205,2.04 percent
2022-07-29 00:09:31,(2(0)-1659024571:166462),systemResources.CPU_01,19206,0.00 percent
2022-07-29 00:09:31,(2(0)-1659024571:166518),systemResources.CPU_02,19207,2.97 percent
2022-07-29 00:09:31,(2(0)-1659024571:166568),systemResources.CPU_03,19208,6.00 percent
2022-07-29 00:09:31,(2(0)-1659024571:166612),systemResources.CPU_04,19209,3.00 percent
2022-07-29 00:09:31,(2(0)-1659024571:166642),systemResources.CPU_05,19210,2.00 percent
2022-07-29 00:09:31,(2(0)-1659024571:166671),systemResources.CPU_06,19211,0.99 percent
2022-07-29 00:09:31,(2(0)-1659024571:166699),systemResources.CPU_07,19212,1.98 percent
2022-07-29 00:09:31,(2(0)-1659024571:166701),systemResources.CPU,19204,2.37 percent
2022-07-29 00:09:31,(2(0)-1659024571:166735),systemResources.MEMORY_TOTAL,19200,16120712 KB
2022-07-29 00:09:31,(2(0)-1659024571:166736),systemResources.MEMORY_USED,19201,4325216 KB
2022-07-29 00:09:31,(2(0)-1659024571:166744),systemResources.NON_VOLATILE_FREE,19203,475442892 KB
2022-07-29 00:09:31,(2(0)-1659024571:166745),systemResources.NON_VOLATILE_TOTAL,19202,490617784 KB
2022-07-29 00:09:31,(2(0)-1659024571:166747),systemResources.FRAMEWORK_VERSION,19221,v3.1.0-51-g1f7b07da3
2022-07-29 00:09:31,(2(0)-1659024571:166750),systemResources.PROJECT_VERSION,19222,v3.1.0-51-g1f7b07da3
2022-07-29 00:09:32,(2(0)-1659024572:166399),pingRcvr.PR_NumPings,2560,1
2022-07-29 00:09:32,(2(0)-1659024572:166429),rateGroup3Comp.RgMaxTime,1024,271 us
2022-07-29 00:09:32,(2(0)-1659024572:166420),systemResources.CPU_00,19205,22.34 percent
2022-07-29 00:09:32,(2(0)-1659024572:166462),systemResources.CPU_01,19206,35.05 percent
2022-07-29 00:09:32,(2(0)-1659024572:166490),systemResources.CPU_02,19207,30.61 percent
2022-07-29 00:09:32,(2(0)-1659024572:166516),systemResources.CPU_03,19208,24.21 percent
2022-07-29 00:09:32,(2(0)-1659024572:166542),systemResources.CPU_04,19209,27.27 percent
2022-07-29 00:09:32,(2(0)-1659024572:166568),systemResources.CPU_05,19210,19.59 percent
2022-07-29 00:09:32,(2(0)-1659024572:166594),systemResources.CPU_06,19211,25.51 percent
2022-07-29 00:09:32,(2(0)-1659024572:166621),systemResources.CPU_07,19212,23.47 percent
2022-07-29 00:09:32,(2(0)-1659024572:166622),systemResources.CPU,19204,26.01 percent
2022-07-29 00:09:32,(2(0)-1659024572:166653),systemResources.MEMORY_TOTAL,19200,16120712 KB
2022-07-29 00:09:32,(2(0)-1659024572:166654),systemResources.MEMORY_USED,19201,4720756 KB
2022-07-29 00:09:32,(2(0)-1659024572:166662),systemResources.NON_VOLATILE_FREE,19203,475442840 KB
2022-07-29 00:09:32,(2(0)-1659024572:166662),systemResources.NON_VOLATILE_TOTAL,19202,490617784 KB
2022-07-29 00:09:32,(2(0)-1659024572:166664),systemResources.FRAMEWORK_VERSION,19221,v3.1.0-51-g1f7b07da3
2022-07-29 00:09:32,(2(0)-1659024572:166666),systemResources.PROJECT_VERSION,19222,v3.1.0-51-g1f7b07da3
2022-07-29 00:09:33,(2(0)-1659024573:166401),blockDrv.BD_Cycles,256,5
2022-07-29 00:09:34,(2(0)-1659024574:166667),blockDrv.BD_Cycles,256,6
2022-07-29 00:09:34,(2(0)-1659024574:166710),sendBuffComp.SendState,9732,SEND_IDLE
2022-07-29 00:09:33,(2(0)-1659024573:166609),systemResources.CPU_00,19205,6.00 percent
2022-07-29 00:09:33,(2(0)-1659024573:166624),systemResources.CPU_01,19206,7.07 percent
2022-07-29 00:09:33,(2(0)-1659024573:166637),systemResources.CPU_02,19207,7.00 percent
2022-07-29 00:09:33,(2(0)-1659024573:166646),systemResources.CPU_03,19208,9.09 percent
2022-07-29 00:09:33,(2(0)-1659024573:166653),systemResources.CPU_04,19209,6.12 percent
2022-07-29 00:09:33,(2(0)-1659024573:166660),systemResources.CPU_05,19210,6.12 percent
2022-07-29 00:09:33,(2(0)-1659024573:166668),systemResources.CPU_06,19211,5.05 percent
2022-07-29 00:09:33,(2(0)-1659024573:166675),systemResources.CPU_07,19212,7.22 percent
2022-07-29 00:09:33,(2(0)-1659024573:166676),systemResources.CPU,19204,6.71 percent
2022-07-29 00:09:33,(2(0)-1659024573:166691),systemResources.MEMORY_TOTAL,19200,16120712 KB
2022-07-29 00:09:33,(2(0)-1659024573:166691),systemResources.MEMORY_USED,19201,4693376 KB
2022-07-29 00:09:33,(2(0)-1659024573:166695),systemResources.NON_VOLATILE_FREE,19203,475442808 KB
2022-07-29 00:09:33,(2(0)-1659024573:166695),systemResources.NON_VOLATILE_TOTAL,19202,490617784 KB
2022-07-29 00:09:33,(2(0)-1659024573:166696),systemResources.FRAMEWORK_VERSION,19221,v3.1.0-51-g1f7b07da3
2022-07-29 00:09:33,(2(0)-1659024573:166697),systemResources.PROJECT_VERSION,19222,v3.1.0-51-g1f7b07da3
2022-07-29 00:09:34,(2(0)-1659024574:167001),systemResources.CPU_00,19205,5.10 percent
2022-07-29 00:09:34,(2(0)-1659024574:167064),systemResources.CPU_01,19206,7.22 percent
2022-07-29 00:09:34,(2(0)-1659024574:167118),systemResources.CPU_02,19207,5.21 percent
2022-07-29 00:09:34,(2(0)-1659024574:167172),systemResources.CPU_03,19208,6.25 percent
2022-07-29 00:09:34,(2(0)-1659024574:167217),systemResources.CPU_04,19209,9.00 percent
2022-07-29 00:09:34,(2(0)-1659024574:167251),systemResources.CPU_05,19210,7.00 percent
2022-07-29 00:09:34,(2(0)-1659024574:167283),systemResources.CPU_06,19211,8.00 percent
2022-07-29 00:09:34,(2(0)-1659024574:167314),systemResources.CPU_07,19212,8.16 percent
2022-07-29 00:09:34,(2(0)-1659024574:167316),systemResources.CPU,19204,6.99 percent
2022-07-29 00:09:34,(2(0)-1659024574:167354),systemResources.MEMORY_TOTAL,19200,16120712 KB
2022-07-29 00:09:34,(2(0)-1659024574:167356),systemResources.MEMORY_USED,19201,4601440 KB
2022-07-29 00:09:34,(2(0)-1659024574:167365),systemResources.NON_VOLATILE_FREE,19203,475442788 KB
2022-07-29 00:09:34,(2(0)-1659024574:167366),systemResources.NON_VOLATILE_TOTAL,19202,490617784 KB
2022-07-29 00:09:34,(2(0)-1659024574:167368),systemResources.FRAMEWORK_VERSION,19221,v3.1.0-51-g1f7b07da3
2022-07-29 00:09:34,(2(0)-1659024574:167371),systemResources.PROJECT_VERSION,19222,v3.1.0-51-g1f7b07da3
2022-07-29 00:09:35,(2(0)-1659024575:166898),blockDrv.BD_Cycles,256,7
2022-07-29 00:09:36,(2(0)-1659024576:167013),blockDrv.BD_Cycles,256,8
2022-07-29 00:09:36,(2(0)-1659024576:167025),sendBuffComp.SendState,9732,SEND_IDLE
2022-07-29 00:09:35,(2(0)-1659024575:167218),systemResources.CPU_00,19205,2.04 percent
2022-07-29 00:09:35,(2(0)-1659024575:167274),systemResources.CPU_01,19206,4.17 percent
2022-07-29 00:09:35,(2(0)-1659024575:167325),systemResources.CPU_02,19207,4.00 percent
2022-07-29 00:09:35,(2(0)-1659024575:167373),systemResources.CPU_03,19208,6.12 percent
2022-07-29 00:09:35,(2(0)-1659024575:167408),systemResources.CPU_04,19209,3.06 percent
2022-07-29 00:09:35,(2(0)-1659024575:167436),systemResources.CPU_05,19210,6.93 percent
2022-07-29 00:09:35,(2(0)-1659024575:167462),systemResources.CPU_06,19211,3.03 percent
2022-07-29 00:09:35,(2(0)-1659024575:167488),systemResources.CPU_07,19212,3.23 percent
2022-07-29 00:09:35,(2(0)-1659024575:167489),systemResources.CPU,19204,4.07 percent
2022-07-29 00:09:35,(2(0)-1659024575:167522),systemResources.MEMORY_TOTAL,19200,16120712 KB
2022-07-29 00:09:35,(2(0)-1659024575:167524),systemResources.MEMORY_USED,19201,4600416 KB
2022-07-29 00:09:35,(2(0)-1659024575:167532),systemResources.NON_VOLATILE_FREE,19203,475442788 KB
2022-07-29 00:09:35,(2(0)-1659024575:167532),systemResources.NON_VOLATILE_TOTAL,19202,490617784 KB
2022-07-29 00:09:35,(2(0)-1659024575:167535),systemResources.FRAMEWORK_VERSION,19221,v3.1.0-51-g1f7b07da3
2022-07-29 00:09:35,(2(0)-1659024575:167537),systemResources.PROJECT_VERSION,19222,v3.1.0-51-g1f7b07da3
2022-07-29 00:09:36,(2(0)-1659024576:167162),pingRcvr.PR_NumPings,2560,2
2022-07-29 00:09:36,(2(0)-1659024576:167173),systemResources.CPU_00,19205,4.95 percent
2022-07-29 00:09:36,(2(0)-1659024576:167190),systemResources.CPU_01,19206,4.17 percent
2022-07-29 00:09:36,(2(0)-1659024576:167204),systemResources.CPU_02,19207,5.00 percent
2022-07-29 00:09:36,(2(0)-1659024576:167216),systemResources.CPU_03,19208,7.00 percent
2022-07-29 00:09:36,(2(0)-1659024576:167225),systemResources.CPU_04,19209,4.08 percent
2022-07-29 00:09:36,(2(0)-1659024576:167233),systemResources.CPU_05,19210,4.00 percent
2022-07-29 00:09:36,(2(0)-1659024576:167241),systemResources.CPU_06,19211,5.00 percent
2022-07-29 00:09:36,(2(0)-1659024576:167248),systemResources.CPU_07,19212,4.26 percent
2022-07-29 00:09:36,(2(0)-1659024576:167249),systemResources.CPU,19204,4.81 percent
2022-07-29 00:09:36,(2(0)-1659024576:167260),systemResources.MEMORY_TOTAL,19200,16120712 KB
2022-07-29 00:09:36,(2(0)-1659024576:167261),systemResources.MEMORY_USED,19201,4579688 KB
2022-07-29 00:09:36,(2(0)-1659024576:167264),systemResources.NON_VOLATILE_FREE,19203,475442784 KB
2022-07-29 00:09:36,(2(0)-1659024576:167265),systemResources.NON_VOLATILE_TOTAL,19202,490617784 KB
2022-07-29 00:09:36,(2(0)-1659024576:167265),systemResources.FRAMEWORK_VERSION,19221,v3.1.0-51-g1f7b07da3
2022-07-29 00:09:36,(2(0)-1659024576:167266),systemResources.PROJECT_VERSION,19222,v3.1.0-51-g1f7b07da3
2022-07-29 00:09:37,(2(0)-1659024577:167145),blockDrv.BD_Cycles,256,9
2022-07-29 00:09:36,(2(0)-1659024576:548117),cmdDisp.CommandsDispatched,1280,1
2022-07-29 00:09:38,(2(0)-1659024578:167234),blockDrv.BD_Cycles,256,10
2022-07-29 00:09:38,(2(0)-1659024578:167248),sendBuffComp.SendState,9732,SEND_IDLE
2022-07-29 00:09:37,(2(0)-1659024577:167498),systemResources.CPU_00,19205,8.08 percent
2022-07-29 00:09:37,(2(0)-1659024577:167563),systemResources.CPU_01,19206,6.19 percent
2022-07-29 00:09:37,(2(0)-1659024577:167623),systemResources.CPU_02,19207,8.16 percent
2022-07-29 00:09:37,(2(0)-1659024577:167677),systemResources.CPU_03,19208,10.10 percent
2022-07-29 00:09:37,(2(0)-1659024577:167712),systemResources.CPU_04,19209,9.00 percent
2022-07-29 00:09:37,(2(0)-1659024577:167745),systemResources.CPU_05,19210,5.10 percent
2022-07-29 00:09:37,(2(0)-1659024577:167777),systemResources.CPU_06,19211,8.91 percent
2022-07-29 00:09:37,(2(0)-1659024577:167808),systemResources.CPU_07,19212,5.00 percent
2022-07-29 00:09:37,(2(0)-1659024577:167809),systemResources.CPU,19204,7.57 percent
2022-07-29 00:09:37,(2(0)-1659024577:167848),systemResources.MEMORY_TOTAL,19200,16120712 KB
2022-07-29 00:09:37,(2(0)-1659024577:167849),systemResources.MEMORY_USED,19201,4578636 KB
2022-07-29 00:09:37,(2(0)-1659024577:167858),systemResources.NON_VOLATILE_FREE,19203,475442776 KB
2022-07-29 00:09:37,(2(0)-1659024577:167860),systemResources.NON_VOLATILE_TOTAL,19202,490617784 KB
2022-07-29 00:09:37,(2(0)-1659024577:167863),systemResources.FRAMEWORK_VERSION,19221,v3.1.0-51-g1f7b07da3
2022-07-29 00:09:37,(2(0)-1659024577:167866),systemResources.PROJECT_VERSION,19222,v3.1.0-51-g1f7b07da3
2022-07-29 00:09:37,(2(0)-1659024577:167869),rateGroup1Comp.RgMaxTime,512,753 us
2022-07-29 00:09:38,(2(0)-1659024578:167381),systemResources.CPU_00,19205,5.05 percent
2022-07-29 00:09:38,(2(0)-1659024578:167394),systemResources.CPU_01,19206,7.14 percent
2022-07-29 00:09:38,(2(0)-1659024578:167403),systemResources.CPU_02,19207,2.02 percent
2022-07-29 00:09:38,(2(0)-1659024578:167412),systemResources.CPU_03,19208,3.03 percent
2022-07-29 00:09:38,(2(0)-1659024578:167420),systemResources.CPU_04,19209,2.97 percent
2022-07-29 00:09:38,(2(0)-1659024578:167428),systemResources.CPU_05,19210,3.06 percent
2022-07-29 00:09:38,(2(0)-1659024578:167437),systemResources.CPU_06,19211,3.03 percent
2022-07-29 00:09:38,(2(0)-1659024578:167445),systemResources.CPU_07,19212,2.06 percent
2022-07-29 00:09:38,(2(0)-1659024578:167446),systemResources.CPU,19204,3.55 percent
2022-07-29 00:09:38,(2(0)-1659024578:167461),systemResources.MEMORY_TOTAL,19200,16120712 KB
2022-07-29 00:09:38,(2(0)-1659024578:167462),systemResources.MEMORY_USED,19201,4570004 KB
2022-07-29 00:09:38,(2(0)-1659024578:167467),systemResources.NON_VOLATILE_FREE,19203,475442768 KB
2022-07-29 00:09:38,(2(0)-1659024578:167467),systemResources.NON_VOLATILE_TOTAL,19202,490617784 KB
2022-07-29 00:09:38,(2(0)-1659024578:167468),systemResources.FRAMEWORK_VERSION,19221,v3.1.0-51-g1f7b07da3
2022-07-29 00:09:38,(2(0)-1659024578:167469),systemResources.PROJECT_VERSION,19222,v3.1.0-51-g1f7b07da3
2022-07-29 00:09:39,(2(0)-1659024579:167441),blockDrv.BD_Cycles,256,11
2022-07-29 00:09:40,(2(0)-1659024580:167670),blockDrv.BD_Cycles,256,12
2022-07-29 00:09:39,(2(0)-1659024579:167827),systemResources.CPU_00,19205,3.00 percent
2022-07-29 00:09:39,(2(0)-1659024579:167894),systemResources.CPU_01,19206,4.04 percent
2022-07-29 00:09:39,(2(0)-1659024579:167944),systemResources.CPU_02,19207,3.03 percent
2022-07-29 00:09:39,(2(0)-1659024579:167984),systemResources.CPU_03,19208,3.03 percent
2022-07-29 00:09:39,(2(0)-1659024579:168013),systemResources.CPU_04,19209,1.03 percent
2022-07-29 00:09:39,(2(0)-1659024579:168041),systemResources.CPU_05,19210,4.08 percent
2022-07-29 00:09:39,(2(0)-1659024579:168068),systemResources.CPU_06,19211,2.97 percent
2022-07-29 00:09:39,(2(0)-1659024579:168094),systemResources.CPU_07,19212,2.00 percent
2022-07-29 00:09:39,(2(0)-1659024579:168096),systemResources.CPU,19204,2.90 percent
2022-07-29 00:09:39,(2(0)-1659024579:168128),systemResources.MEMORY_TOTAL,19200,16120712 KB
2022-07-29 00:09:39,(2(0)-1659024579:168129),systemResources.MEMORY_USED,19201,4534428 KB
2022-07-29 00:09:39,(2(0)-1659024579:168137),systemResources.NON_VOLATILE_FREE,19203,475442768 KB
2022-07-29 00:09:39,(2(0)-1659024579:168138),systemResources.NON_VOLATILE_TOTAL,19202,490617784 KB
2022-07-29 00:09:39,(2(0)-1659024579:168140),systemResources.FRAMEWORK_VERSION,19221,v3.1.0-51-g1f7b07da3
2022-07-29 00:09:39,(2(0)-1659024579:168143),systemResources.PROJECT_VERSION,19222,v3.1.0-51-g1f7b07da3
2022-07-29 00:09:40,(2(0)-1659024580:167960),pingRcvr.PR_NumPings,2560,3
2022-07-29 00:09:40,(2(0)-1659024580:167903),fileUplinkBufferManager.HiBuffs,17410,1
2022-07-29 00:09:40,(2(0)-1659024580:167909),rateGroup3Comp.RgMaxTime,1024,274 us
2022-07-29 00:09:40,(2(0)-1659024580:167936),systemResources.CPU_00,19205,7.84 percent
2022-07-29 00:09:40,(2(0)-1659024580:167994),systemResources.CPU_01,19206,6.00 percent
2022-07-29 00:09:40,(2(0)-1659024580:168040),systemResources.CPU_02,19207,4.04 percent
2022-07-29 00:09:40,(2(0)-1659024580:168090),systemResources.CPU_03,19208,8.00 percent
2022-07-29 00:09:40,(2(0)-1659024580:168127),systemResources.CPU_04,19209,8.82 percent
2022-07-29 00:09:40,(2(0)-1659024580:168154),systemResources.CPU_05,19210,5.00 percent
2022-07-29 00:09:40,(2(0)-1659024580:168181),systemResources.CPU_06,19211,13.00 percent
2022-07-29 00:09:40,(2(0)-1659024580:168207),systemResources.CPU_07,19212,5.26 percent
2022-07-29 00:09:40,(2(0)-1659024580:168208),systemResources.CPU,19204,7.25 percent
2022-07-29 00:09:40,(2(0)-1659024580:168238),systemResources.MEMORY_TOTAL,19200,16120712 KB
2022-07-29 00:09:40,(2(0)-1659024580:168240),systemResources.MEMORY_USED,19201,4567328 KB
2022-07-29 00:09:40,(2(0)-1659024580:168246),systemResources.NON_VOLATILE_FREE,19203,475442588 KB
2022-07-29 00:09:40,(2(0)-1659024580:168247),systemResources.NON_VOLATILE_TOTAL,19202,490617784 KB
2022-07-29 00:09:40,(2(0)-1659024580:168249),systemResources.FRAMEWORK_VERSION,19221,v3.1.0-51-g1f7b07da3
2022-07-29 00:09:40,(2(0)-1659024580:168252),systemResources.PROJECT_VERSION,19222,v3.1.0-51-g1f7b07da3
2022-07-29 00:09:41,(2(0)-1659024581:167845),blockDrv.BD_Cycles,256,13
2022-07-29 00:09:40,(2(0)-1659024580:167797),sendBuffComp.SendState,9732,SEND_IDLE
2022-07-29 00:09:42,(2(0)-1659024582:167960),blockDrv.BD_Cycles,256,14
2022-07-29 00:09:42,(2(0)-1659024582:168008),sendBuffComp.SendState,9732,SEND_IDLE
2022-07-29 00:09:41,(2(0)-1659024581:168117),systemResources.CPU_00,19205,3.00 percent
2022-07-29 00:09:41,(2(0)-1659024581:168154),systemResources.CPU_01,19206,4.17 percent
2022-07-29 00:09:41,(2(0)-1659024581:168167),systemResources.CPU_02,19207,2.04 percent
2022-07-29 00:09:41,(2(0)-1659024581:168180),systemResources.CPU_03,19208,2.11 percent
2022-07-29 00:09:41,(2(0)-1659024581:168193),systemResources.CPU_04,19209,4.00 percent
2022-07-29 00:09:41,(2(0)-1659024581:168203),systemResources.CPU_05,19210,3.03 percent
2022-07-29 00:09:41,(2(0)-1659024581:168210),systemResources.CPU_06,19211,4.04 percent
2022-07-29 00:09:41,(2(0)-1659024581:168217),systemResources.CPU_07,19212,1.12 percent
2022-07-29 00:09:41,(2(0)-1659024581:168218),systemResources.CPU,19204,2.94 percent
2022-07-29 00:09:41,(2(0)-1659024581:168233),systemResources.MEMORY_TOTAL,19200,16120712 KB
2022-07-29 00:09:41,(2(0)-1659024581:168233),systemResources.MEMORY_USED,19201,4571036 KB
2022-07-29 00:09:41,(2(0)-1659024581:168237),systemResources.NON_VOLATILE_FREE,19203,475442584 KB
2022-07-29 00:09:41,(2(0)-1659024581:168237),systemResources.NON_VOLATILE_TOTAL,19202,490617784 KB
2022-07-29 00:09:41,(2(0)-1659024581:168238),systemResources.FRAMEWORK_VERSION,19221,v3.1.0-51-g1f7b07da3
2022-07-29 00:09:41,(2(0)-1659024581:168239),systemResources.PROJECT_VERSION,19222,v3.1.0-51-g1f7b07da3
2022-07-29 00:09:42,(2(0)-1659024582:168182),systemResources.CPU_00,19205,5.88 percent
2022-07-29 00:09:42,(2(0)-1659024582:168208),systemResources.CPU_01,19206,6.12 percent
2022-07-29 00:09:42,(2(0)-1659024582:168226),systemResources.CPU_02,19207,8.82 percent
2022-07-29 00:09:42,(2(0)-1659024582:168241),systemResources.CPU_03,19208,8.82 percent
2022-07-29 00:09:42,(2(0)-1659024582:168251),systemResources.CPU_04,19209,3.06 percent
2022-07-29 00:09:42,(2(0)-1659024582:168260),systemResources.CPU_05,19210,5.05 percent
2022-07-29 00:09:42,(2(0)-1659024582:168270),systemResources.CPU_06,19211,8.00 percent
2022-07-29 00:09:42,(2(0)-1659024582:168279),systemResources.CPU_07,19212,3.19 percent
2022-07-29 00:09:42,(2(0)-1659024582:168279),systemResources.CPU,19204,6.12 percent
2022-07-29 00:09:42,(2(0)-1659024582:168294),systemResources.MEMORY_TOTAL,19200,16120712 KB
2022-07-29 00:09:42,(2(0)-1659024582:168295),systemResources.MEMORY_USED,19201,4570192 KB
2022-07-29 00:09:42,(2(0)-1659024582:168299),systemResources.NON_VOLATILE_FREE,19203,475442332 KB
2022-07-29 00:09:42,(2(0)-1659024582:168299),systemResources.NON_VOLATILE_TOTAL,19202,490617784 KB
2022-07-29 00:09:42,(2(0)-1659024582:168300),systemResources.FRAMEWORK_VERSION,19221,v3.1.0-51-g1f7b07da3
2022-07-29 00:09:42,(2(0)-1659024582:168301),systemResources.PROJECT_VERSION,19222,v3.1.0-51-g1f7b07da3
2022-07-29 00:09:43,(2(0)-1659024583:168054),blockDrv.BD_Cycles,256,15
2022-07-29 00:09:44,(2(0)-1659024584:168164),blockDrv.BD_Cycles,256,16
2022-07-29 00:09:44,(2(0)-1659024584:168186),sendBuffComp.SendState,9732,SEND_IDLE
2022-07-29 00:09:43,(2(0)-1659024583:168242),systemResources.CPU_00,19205,6.00 percent
2022-07-29 00:09:43,(2(0)-1659024583:168259),systemResources.CPU_01,19206,8.33 percent
2022-07-29 00:09:43,(2(0)-1659024583:168274),systemResources.CPU_02,19207,5.05 percent
2022-07-29 00:09:43,(2(0)-1659024583:168285),systemResources.CPU_03,19208,7.22 percent
2022-07-29 00:09:43,(2(0)-1659024583:168295),systemResources.CPU_04,19209,5.88 percent
2022-07-29 00:09:43,(2(0)-1659024583:168306),systemResources.CPU_05,19210,6.06 percent
2022-07-29 00:09:43,(2(0)-1659024583:168317),systemResources.CPU_06,19211,7.84 percent
2022-07-29 00:09:43,(2(0)-1659024583:168329),systemResources.CPU_07,19212,6.45 percent
2022-07-29 00:09:43,(2(0)-1659024583:168330),systemResources.CPU,19204,6.60 percent
2022-07-29 00:09:43,(2(0)-1659024583:168359),systemResources.MEMORY_TOTAL,19200,16120712 KB
2022-07-29 00:09:43,(2(0)-1659024583:168360),systemResources.MEMORY_USED,19201,4571620 KB
2022-07-29 00:09:43,(2(0)-1659024583:168364),systemResources.NON_VOLATILE_FREE,19203,475442332 KB
2022-07-29 00:09:43,(2(0)-1659024583:168365),systemResources.NON_VOLATILE_TOTAL,19202,490617784 KB
2022-07-29 00:09:43,(2(0)-1659024583:168366),systemResources.FRAMEWORK_VERSION,19221,v3.1.0-51-g1f7b07da3
2022-07-29 00:09:43,(2(0)-1659024583:168383),systemResources.PROJECT_VERSION,19222,v3.1.0-51-g1f7b07da3
2022-07-29 00:09:44,(2(0)-1659024584:168295),pingRcvr.PR_NumPings,2560,4
2022-07-29 00:09:44,(2(0)-1659024584:168439),systemResources.CPU_00,19205,4.00 percent
2022-07-29 00:09:44,(2(0)-1659024584:168493),systemResources.CPU_01,19206,6.19 percent
2022-07-29 00:09:44,(2(0)-1659024584:168539),systemResources.CPU_02,19207,2.02 percent
2022-07-29 00:09:44,(2(0)-1659024584:168587),systemResources.CPU_03,19208,5.15 percent
2022-07-29 00:09:44,(2(0)-1659024584:168628),systemResources.CPU_04,19209,4.00 percent
2022-07-29 00:09:44,(2(0)-1659024584:168656),systemResources.CPU_05,19210,4.04 percent
2022-07-29 00:09:44,(2(0)-1659024584:168681),systemResources.CPU_06,19211,2.06 percent
2022-07-29 00:09:44,(2(0)-1659024584:168706),systemResources.CPU_07,19212,4.40 percent
2022-07-29 00:09:44,(2(0)-1659024584:168707),systemResources.CPU,19204,3.98 percent
2022-07-29 00:09:44,(2(0)-1659024584:168742),systemResources.MEMORY_TOTAL,19200,16120712 KB
2022-07-29 00:09:44,(2(0)-1659024584:168743),systemResources.MEMORY_USED,19201,4569520 KB
2022-07-29 00:09:44,(2(0)-1659024584:168751),systemResources.NON_VOLATILE_FREE,19203,475442320 KB
2022-07-29 00:09:44,(2(0)-1659024584:168752),systemResources.NON_VOLATILE_TOTAL,19202,490617784 KB
2022-07-29 00:09:44,(2(0)-1659024584:168754),systemResources.FRAMEWORK_VERSION,19221,v3.1.0-51-g1f7b07da3
2022-07-29 00:09:44,(2(0)-1659024584:168757),systemResources.PROJECT_VERSION,19222,v3.1.0-51-g1f7b07da3
2022-07-29 00:09:45,(2(0)-1659024585:168299),blockDrv.BD_Cycles,256,17
2022-07-29 00:09:45,(2(0)-1659024585:168461),systemResources.CPU_00,19205,2.02 percent
2022-07-29 00:09:45,(2(0)-1659024585:168479),systemResources.CPU_01,19206,5.15 percent
2022-07-29 00:09:45,(2(0)-1659024585:168495),systemResources.CPU_02,19207,2.00 percent
2022-07-29 00:09:45,(2(0)-1659024585:168509),systemResources.CPU_03,19208,4.12 percent
2022-07-29 00:09:45,(2(0)-1659024585:168520),systemResources.CPU_04,19209,2.97 percent
2022-07-29 00:09:45,(2(0)-1659024585:168531),systemResources.CPU_05,19210,4.04 percent
2022-07-29 00:09:45,(2(0)-1659024585:168543),systemResources.CPU_06,19211,5.05 percent
2022-07-29 00:09:45,(2(0)-1659024585:168557),systemResources.CPU_07,19212,5.56 percent
2022-07-29 00:09:45,(2(0)-1659024585:168558),systemResources.CPU,19204,3.86 percent
2022-07-29 00:09:45,(2(0)-1659024585:168581),systemResources.MEMORY_TOTAL,19200,16120712 KB
2022-07-29 00:09:45,(2(0)-1659024585:168581),systemResources.MEMORY_USED,19201,4559592 KB
2022-07-29 00:09:45,(2(0)-1659024585:168587),systemResources.NON_VOLATILE_FREE,19203,475442312 KB
2022-07-29 00:09:45,(2(0)-1659024585:168587),systemResources.NON_VOLATILE_TOTAL,19202,490617784 KB
2022-07-29 00:09:45,(2(0)-1659024585:168589),systemResources.FRAMEWORK_VERSION,19221,v3.1.0-51-g1f7b07da3
2022-07-29 00:09:45,(2(0)-1659024585:168591),systemResources.PROJECT_VERSION,19222,v3.1.0-51-g1f7b07da3
2022-07-29 00:09:46,(2(0)-1659024586:168875),systemResources.CPU_00,19205,4.04 percent
2022-07-29 00:09:46,(2(0)-1659024586:168927),systemResources.CPU_01,19206,6.19 percent
2022-07-29 00:09:46,(2(0)-1659024586:168959),systemResources.CPU_02,19207,6.00 percent
2022-07-29 00:09:46,(2(0)-1659024586:168984),systemResources.CPU_03,19208,5.00 percent
2022-07-29 00:09:46,(2(0)-1659024586:169009),systemResources.CPU_04,19209,4.04 percent
2022-07-29 00:09:46,(2(0)-1659024586:169034),systemResources.CPU_05,19210,5.88 percent
2022-07-29 00:09:46,(2(0)-1659024586:169058),systemResources.CPU_06,19211,8.00 percent
2022-07-29 00:09:46,(2(0)-1659024586:169082),systemResources.CPU_07,19212,7.69 percent
2022-07-29 00:09:46,(2(0)-1659024586:169083),systemResources.CPU,19204,5.86 percent
2022-07-29 00:09:46,(2(0)-1659024586:169111),systemResources.MEMORY_TOTAL,19200,16120712 KB
2022-07-29 00:09:46,(2(0)-1659024586:169113),systemResources.MEMORY_USED,19201,4564572 KB
2022-07-29 00:09:46,(2(0)-1659024586:169119),systemResources.NON_VOLATILE_FREE,19203,475442304 KB
2022-07-29 00:09:46,(2(0)-1659024586:169120),systemResources.NON_VOLATILE_TOTAL,19202,490617784 KB
2022-07-29 00:09:46,(2(0)-1659024586:169122),systemResources.FRAMEWORK_VERSION,19221,v3.1.0-51-g1f7b07da3
2022-07-29 00:09:46,(2(0)-1659024586:169124),systemResources.PROJECT_VERSION,19222,v3.1.0-51-g1f7b07da3
2022-07-29 00:09:47,(2(0)-1659024587:168844),blockDrv.BD_Cycles,256,19
2022-07-29 00:09:46,(2(0)-1659024586:168777),sendBuffComp.SendState,9732,SEND_IDLE
2022-07-29 00:09:46,(2(0)-1659024586:168784),rateGroup2Comp.RgMaxTime,768,207 us
2022-07-29 00:09:48,(2(0)-1659024588:169162),blockDrv.BD_Cycles,256,20
2022-07-29 00:09:47,(2(0)-1659024587:168953),systemResources.CPU_00,19205,3.09 percent
2022-07-29 00:09:47,(2(0)-1659024587:168963),systemResources.CPU_01,19206,5.15 percent
2022-07-29 00:09:47,(2(0)-1659024587:168971),systemResources.CPU_02,19207,3.00 percent
2022-07-29 00:09:47,(2(0)-1659024587:168979),systemResources.CPU_03,19208,3.00 percent
2022-07-29 00:09:47,(2(0)-1659024587:168988),systemResources.CPU_04,19209,4.95 percent
2022-07-29 00:09:47,(2(0)-1659024587:168996),systemResources.CPU_05,19210,4.95 percent
2022-07-29 00:09:47,(2(0)-1659024587:169004),systemResources.CPU_06,19211,4.00 percent
2022-07-29 00:09:47,(2(0)-1659024587:169013),systemResources.CPU_07,19212,4.49 percent
2022-07-29 00:09:47,(2(0)-1659024587:169013),systemResources.CPU,19204,4.08 percent
2022-07-29 00:09:47,(2(0)-1659024587:169026),systemResources.MEMORY_TOTAL,19200,16120712 KB
2022-07-29 00:09:47,(2(0)-1659024587:169027),systemResources.MEMORY_USED,19201,4533936 KB
2022-07-29 00:09:47,(2(0)-1659024587:169030),systemResources.NON_VOLATILE_FREE,19203,475442304 KB
2022-07-29 00:09:47,(2(0)-1659024587:169031),systemResources.NON_VOLATILE_TOTAL,19202,490617784 KB
2022-07-29 00:09:47,(2(0)-1659024587:169031),systemResources.FRAMEWORK_VERSION,19221,v3.1.0-51-g1f7b07da3
2022-07-29 00:09:47,(2(0)-1659024587:169032),systemResources.PROJECT_VERSION,19222,v3.1.0-51-g1f7b07da3
2022-07-29 00:09:48,(2(0)-1659024588:169245),pingRcvr.PR_NumPings,2560,5
2022-07-29 00:09:48,(2(0)-1659024588:169253),systemResources.CPU_00,19205,2.97 percent
2022-07-29 00:09:48,(2(0)-1659024588:169264),systemResources.CPU_01,19206,4.12 percent
2022-07-29 00:09:48,(2(0)-1659024588:169272),systemResources.CPU_02,19207,3.03 percent
2022-07-29 00:09:48,(2(0)-1659024588:169280),systemResources.CPU_03,19208,4.04 percent
2022-07-29 00:09:48,(2(0)-1659024588:169288),systemResources.CPU_04,19209,3.03 percent
2022-07-29 00:09:48,(2(0)-1659024588:169296),systemResources.CPU_05,19210,2.04 percent
2022-07-29 00:09:48,(2(0)-1659024588:169305),systemResources.CPU_06,19211,1.02 percent
2022-07-29 00:09:48,(2(0)-1659024588:169313),systemResources.CPU_07,19212,4.55 percent
2022-07-29 00:09:48,(2(0)-1659024588:169313),systemResources.CPU,19204,3.10 percent
2022-07-29 00:09:48,(2(0)-1659024588:169325),systemResources.MEMORY_TOTAL,19200,16120712 KB
2022-07-29 00:09:48,(2(0)-1659024588:169325),systemResources.MEMORY_USED,19201,4535812 KB
2022-07-29 00:09:48,(2(0)-1659024588:169328),systemResources.NON_VOLATILE_FREE,19203,475442272 KB
2022-07-29 00:09:48,(2(0)-1659024588:169329),systemResources.NON_VOLATILE_TOTAL,19202,490617784 KB
2022-07-29 00:09:48,(2(0)-1659024588:169329),systemResources.FRAMEWORK_VERSION,19221,v3.1.0-51-g1f7b07da3
2022-07-29 00:09:48,(2(0)-1659024588:169330),systemResources.PROJECT_VERSION,19222,v3.1.0-51-g1f7b07da3
2022-07-29 00:09:49,(2(0)-1659024589:169393),blockDrv.BD_Cycles,256,21
2022-07-29 00:09:48,(2(0)-1659024588:169229),sendBuffComp.SendState,9732,SEND_IDLE
2022-07-29 00:09:50,(2(0)-1659024590:169684),blockDrv.BD_Cycles,256,22
2022-07-29 00:09:50,(2(0)-1659024590:169765),sendBuffComp.SendState,9732,SEND_IDLE
2022-07-29 00:09:50,(2(0)-1659024590:169845),systemResources.CPU_00,19205,5.00 percent
2022-07-29 00:09:50,(2(0)-1659024590:169856),systemResources.CPU_01,19206,4.95 percent
2022-07-29 00:09:50,(2(0)-1659024590:169866),systemResources.CPU_02,19207,5.00 percent
2022-07-29 00:09:49,(2(0)-1659024589:169775),systemResources.CPU_03,19208,3.09 percent
2022-07-29 00:09:49,(2(0)-1659024589:169806),systemResources.CPU_04,19209,2.02 percent
2022-07-29 00:09:49,(2(0)-1659024589:169836),systemResources.CPU_05,19210,4.95 percent
2022-07-29 00:09:49,(2(0)-1659024589:169865),systemResources.CPU_06,19211,3.00 percent
2022-07-29 00:09:49,(2(0)-1659024589:169895),systemResources.CPU_07,19212,7.22 percent
2022-07-29 00:09:49,(2(0)-1659024589:169896),systemResources.CPU,19204,3.79 percent
2022-07-29 00:09:49,(2(0)-1659024589:169931),systemResources.MEMORY_TOTAL,19200,16120712 KB
2022-07-29 00:09:49,(2(0)-1659024589:169932),systemResources.MEMORY_USED,19201,4535016 KB
2022-07-29 00:09:49,(2(0)-1659024589:169941),systemResources.NON_VOLATILE_FREE,19203,475442268 KB
2022-07-29 00:09:49,(2(0)-1659024589:169941),systemResources.NON_VOLATILE_TOTAL,19202,490617784 KB
2022-07-29 00:09:49,(2(0)-1659024589:169944),systemResources.FRAMEWORK_VERSION,19221,v3.1.0-51-g1f7b07da3
2022-07-29 00:09:49,(2(0)-1659024589:169946),systemResources.PROJECT_VERSION,19222,v3.1.0-51-g1f7b07da3
2022-07-29 00:09:50,(2(0)-1659024590:169875),systemResources.CPU_03,19208,6.06 percent
2022-07-29 00:09:50,(2(0)-1659024590:169885),systemResources.CPU_04,19209,5.05 percent
2022-07-29 00:09:50,(2(0)-1659024590:169895),systemResources.CPU_05,19210,7.00 percent
2022-07-29 00:09:50,(2(0)-1659024590:169904),systemResources.CPU_06,19211,5.00 percent
2022-07-29 00:09:50,(2(0)-1659024590:169914),systemResources.CPU_07,19212,6.32 percent
2022-07-29 00:09:50,(2(0)-1659024590:169914),systemResources.CPU,19204,5.55 percent
2022-07-29 00:09:50,(2(0)-1659024590:169927),systemResources.MEMORY_TOTAL,19200,16120712 KB
2022-07-29 00:09:50,(2(0)-1659024590:169928),systemResources.MEMORY_USED,19201,4567648 KB
2022-07-29 00:09:50,(2(0)-1659024590:169931),systemResources.NON_VOLATILE_FREE,19203,475442264 KB
2022-07-29 00:09:50,(2(0)-1659024590:169932),systemResources.NON_VOLATILE_TOTAL,19202,490617784 KB
2022-07-29 00:09:50,(2(0)-1659024590:169932),systemResources.FRAMEWORK_VERSION,19221,v3.1.0-51-g1f7b07da3
2022-07-29 00:09:50,(2(0)-1659024590:169933),systemResources.PROJECT_VERSION,19222,v3.1.0-51-g1f7b07da3
2022-07-29 00:09:51,(2(0)-1659024591:169934),blockDrv.BD_Cycles,256,23
2022-07-29 00:09:50,(2(0)-1659024590:696096),cmdDisp.CommandsDispatched,1280,2
2022-07-29 00:09:52,(2(0)-1659024592:170690),blockDrv.BD_Cycles,256,24
2022-07-29 00:09:52,(2(0)-1659024592:170749),sendBuffComp.SendState,9732,SEND_IDLE
2022-07-29 00:09:52,(2(0)-1659024592:170795),rateGroup2Comp.RgMaxTime,768,299 us
2022-07-29 00:09:51,(2(0)-1659024591:170261),systemResources.CPU_00,19205,6.06 percent
2022-07-29 00:09:51,(2(0)-1659024591:170301),systemResources.CPU_01,19206,5.15 percent
2022-07-29 00:09:51,(2(0)-1659024591:170331),systemResources.CPU_02,19207,8.91 percent
2022-07-29 00:09:51,(2(0)-1659024591:170361),systemResources.CPU_03,19208,7.14 percent
2022-07-29 00:09:51,(2(0)-1659024591:170400),systemResources.CPU_04,19209,7.00 percent
2022-07-29 00:09:51,(2(0)-1659024591:170443),systemResources.CPU_05,19210,5.05 percent
2022-07-29 00:09:51,(2(0)-1659024591:170489),systemResources.CPU_06,19211,4.12 percent
2022-07-29 00:09:51,(2(0)-1659024591:170534),systemResources.CPU_07,19212,14.14 percent
2022-07-29 00:09:51,(2(0)-1659024591:170536),systemResources.CPU,19204,7.20 percent
2022-07-29 00:09:51,(2(0)-1659024591:170584),systemResources.MEMORY_TOTAL,19200,16120712 KB
2022-07-29 00:09:51,(2(0)-1659024591:170586),systemResources.MEMORY_USED,19201,4566552 KB
2022-07-29 00:09:51,(2(0)-1659024591:170597),systemResources.NON_VOLATILE_FREE,19203,475442260 KB
2022-07-29 00:09:51,(2(0)-1659024591:170598),systemResources.NON_VOLATILE_TOTAL,19202,490617784 KB
2022-07-29 00:09:51,(2(0)-1659024591:170602),systemResources.FRAMEWORK_VERSION,19221,v3.1.0-51-g1f7b07da3
2022-07-29 00:09:51,(2(0)-1659024591:170606),systemResources.PROJECT_VERSION,19222,v3.1.0-51-g1f7b07da3
2022-07-29 00:09:52,(2(0)-1659024592:170872),pingRcvr.PR_NumPings,2560,6
2022-07-29 00:09:52,(2(0)-1659024592:170856),rateGroup3Comp.RgMaxTime,1024,360 us
2022-07-29 00:09:52,(2(0)-1659024592:170919),systemResources.CPU_00,19205,3.03 percent
2022-07-29 00:09:52,(2(0)-1659024592:170952),systemResources.CPU_01,19206,4.12 percent
2022-07-29 00:09:52,(2(0)-1659024592:170977),systemResources.CPU_02,19207,5.05 percent
2022-07-29 00:09:52,(2(0)-1659024592:171002),systemResources.CPU_03,19208,4.04 percent
2022-07-29 00:09:52,(2(0)-1659024592:171036),systemResources.CPU_04,19209,3.03 percent
2022-07-29 00:09:52,(2(0)-1659024592:171080),systemResources.CPU_05,19210,2.04 percent
2022-07-29 00:09:52,(2(0)-1659024592:171117),systemResources.CPU_06,19211,2.02 percent
2022-07-29 00:09:52,(2(0)-1659024592:171157),systemResources.CPU_07,19212,7.37 percent
2022-07-29 00:09:52,(2(0)-1659024592:171158),systemResources.CPU,19204,3.84 percent
2022-07-29 00:09:52,(2(0)-1659024592:171197),systemResources.MEMORY_TOTAL,19200,16120712 KB
2022-07-29 00:09:52,(2(0)-1659024592:171198),systemResources.MEMORY_USED,19201,4572512 KB
2022-07-29 00:09:52,(2(0)-1659024592:171206),systemResources.NON_VOLATILE_FREE,19203,475442256 KB
2022-07-29 00:09:52,(2(0)-1659024592:171207),systemResources.NON_VOLATILE_TOTAL,19202,490617784 KB
2022-07-29 00:09:52,(2(0)-1659024592:171210),systemResources.FRAMEWORK_VERSION,19221,v3.1.0-51-g1f7b07da3
2022-07-29 00:09:52,(2(0)-1659024592:171213),systemResources.PROJECT_VERSION,19222,v3.1.0-51-g1f7b07da3
2022-07-29 00:09:53,(2(0)-1659024593:170953),blockDrv.BD_Cycles,256,25
2022-07-29 00:09:54,(2(0)-1659024594:171192),blockDrv.BD_Cycles,256,26
2022-07-29 00:09:54,(2(0)-1659024594:171333),sendBuffComp.SendState,9732,SEND_IDLE
2022-07-29 00:09:53,(2(0)-1659024593:171166),systemResources.CPU_00,19205,3.00 percent
2022-07-29 00:09:53,(2(0)-1659024593:171177),systemResources.CPU_01,19206,2.13 percent
2022-07-29 00:09:53,(2(0)-1659024593:171184),systemResources.CPU_02,19207,5.00 percent
2022-07-29 00:09:53,(2(0)-1659024593:171192),systemResources.CPU_03,19208,1.02 percent
2022-07-29 00:09:53,(2(0)-1659024593:171199),systemResources.CPU_04,19209,4.00 percent
2022-07-29 00:09:53,(2(0)-1659024593:171207),systemResources.CPU_05,19210,3.96 percent
2022-07-29 00:09:53,(2(0)-1659024593:171215),systemResources.CPU_06,19211,3.03 percent
2022-07-29 00:09:53,(2(0)-1659024593:171222),systemResources.CPU_07,19212,3.53 percent
2022-07-29 00:09:53,(2(0)-1659024593:171223),systemResources.CPU,19204,3.21 percent
2022-07-29 00:09:53,(2(0)-1659024593:171237),systemResources.MEMORY_TOTAL,19200,16120712 KB
2022-07-29 00:09:53,(2(0)-1659024593:171238),systemResources.MEMORY_USED,19201,4577228 KB
2022-07-29 00:09:53,(2(0)-1659024593:171242),systemResources.NON_VOLATILE_FREE,19203,475442256 KB
2022-07-29 00:09:53,(2(0)-1659024593:171242),systemResources.NON_VOLATILE_TOTAL,19202,490617784 KB
2022-07-29 00:09:53,(2(0)-1659024593:171243),systemResources.FRAMEWORK_VERSION,19221,v3.1.0-51-g1f7b07da3
2022-07-29 00:09:53,(2(0)-1659024593:171244),systemResources.PROJECT_VERSION,19222,v3.1.0-51-g1f7b07da3
2022-07-29 00:09:54,(2(0)-1659024594:171471),systemResources.CPU_00,19205,1.02 percent
2022-07-29 00:09:54,(2(0)-1659024594:171508),systemResources.CPU_01,19206,4.12 percent
2022-07-29 00:09:54,(2(0)-1659024594:171538),systemResources.CPU_02,19207,2.04 percent
2022-07-29 00:09:54,(2(0)-1659024594:171567),systemResources.CPU_03,19208,5.00 percent
2022-07-29 00:09:54,(2(0)-1659024594:171599),systemResources.CPU_04,19209,3.00 percent
2022-07-29 00:09:54,(2(0)-1659024594:171641),systemResources.CPU_05,19210,3.03 percent
2022-07-29 00:09:54,(2(0)-1659024594:171685),systemResources.CPU_06,19211,3.00 percent
2022-07-29 00:09:54,(2(0)-1659024594:171730),systemResources.CPU_07,19212,2.22 percent
2022-07-29 00:09:54,(2(0)-1659024594:171732),systemResources.CPU,19204,2.93 percent
2022-07-29 00:09:54,(2(0)-1659024594:171779),systemResources.MEMORY_TOTAL,19200,16120712 KB
2022-07-29 00:09:54,(2(0)-1659024594:171781),systemResources.MEMORY_USED,19201,4572248 KB
2022-07-29 00:09:54,(2(0)-1659024594:171792),systemResources.NON_VOLATILE_FREE,19203,475442252 KB
2022-07-29 00:09:54,(2(0)-1659024594:171793),systemResources.NON_VOLATILE_TOTAL,19202,490617784 KB
2022-07-29 00:09:54,(2(0)-1659024594:171796),systemResources.FRAMEWORK_VERSION,19221,v3.1.0-51-g1f7b07da3
2022-07-29 00:09:54,(2(0)-1659024594:171800),systemResources.PROJECT_VERSION,19222,v3.1.0-51-g1f7b07da3
2022-07-29 00:09:55,(2(0)-1659024595:171460),blockDrv.BD_Cycles,256,27
2022-07-29 00:09:56,(2(0)-1659024596:171580),blockDrv.BD_Cycles,256,28
2022-07-29 00:09:56,(2(0)-1659024596:171595),sendBuffComp.SendState,9732,SEND_IDLE
2022-07-29 00:09:55,(2(0)-1659024595:171745),systemResources.CPU_00,19205,6.00 percent
2022-07-29 00:09:55,(2(0)-1659024595:171781),systemResources.CPU_01,19206,9.90 percent
2022-07-29 00:09:55,(2(0)-1659024595:171811),systemResources.CPU_02,19207,2.04 percent
2022-07-29 00:09:55,(2(0)-1659024595:171841),systemResources.CPU_03,19208,8.08 percent
2022-07-29 00:09:55,(2(0)-1659024595:171870),systemResources.CPU_04,19209,8.08 percent
2022-07-29 00:09:55,(2(0)-1659024595:171899),systemResources.CPU_05,19210,6.06 percent
2022-07-29 00:09:55,(2(0)-1659024595:171929),systemResources.CPU_06,19211,4.08 percent
2022-07-29 00:09:55,(2(0)-1659024595:171958),systemResources.CPU_07,19212,7.00 percent
2022-07-29 00:09:55,(2(0)-1659024595:171959),systemResources.CPU,19204,6.41 percent
2022-07-29 00:09:55,(2(0)-1659024595:171993),systemResources.MEMORY_TOTAL,19200,16120712 KB
2022-07-29 00:09:55,(2(0)-1659024595:171995),systemResources.MEMORY_USED,19201,4552024 KB
2022-07-29 00:09:55,(2(0)-1659024595:172003),systemResources.NON_VOLATILE_FREE,19203,475442240 KB
2022-07-29 00:09:55,(2(0)-1659024595:172004),systemResources.NON_VOLATILE_TOTAL,19202,490617784 KB
2022-07-29 00:09:55,(2(0)-1659024595:172006),systemResources.FRAMEWORK_VERSION,19221,v3.1.0-51-g1f7b07da3
2022-07-29 00:09:55,(2(0)-1659024595:172009),systemResources.PROJECT_VERSION,19222,v3.1.0-51-g1f7b07da3
2022-07-29 00:09:56,(2(0)-1659024596:171636),pingRcvr.PR_NumPings,2560,7
2022-07-29 00:09:56,(2(0)-1659024596:171681),systemResources.CPU_00,19205,3.06 percent
2022-07-29 00:09:56,(2(0)-1659024596:171691),systemResources.CPU_01,19206,2.02 percent
2022-07-29 00:09:56,(2(0)-1659024596:171699),systemResources.CPU_02,19207,3.96 percent
2022-07-29 00:09:56,(2(0)-1659024596:171706),systemResources.CPU_03,19208,4.08 percent
2022-07-29 00:09:56,(2(0)-1659024596:171714),systemResources.CPU_04,19209,1.01 percent
2022-07-29 00:09:56,(2(0)-1659024596:171723),systemResources.CPU_05,19210,6.86 percent
2022-07-29 00:09:56,(2(0)-1659024596:171734),systemResources.CPU_06,19211,2.00 percent
2022-07-29 00:09:56,(2(0)-1659024596:171746),systemResources.CPU_07,19212,3.12 percent
2022-07-29 00:09:56,(2(0)-1659024596:171746),systemResources.CPU,19204,3.27 percent
2022-07-29 00:09:56,(2(0)-1659024596:171762),systemResources.MEMORY_TOTAL,19200,16120712 KB
2022-07-29 00:09:56,(2(0)-1659024596:171763),systemResources.MEMORY_USED,19201,4537708 KB
2022-07-29 00:09:56,(2(0)-1659024596:171767),systemResources.NON_VOLATILE_FREE,19203,475442240 KB
2022-07-29 00:09:56,(2(0)-1659024596:171767),systemResources.NON_VOLATILE_TOTAL,19202,490617784 KB
2022-07-29 00:09:56,(2(0)-1659024596:171768),systemResources.FRAMEWORK_VERSION,19221,v3.1.0-51-g1f7b07da3
2022-07-29 00:09:56,(2(0)-1659024596:171769),systemResources.PROJECT_VERSION,19222,v3.1.0-51-g1f7b07da3
2022-07-29 00:09:57,(2(0)-1659024597:171811),blockDrv.BD_Cycles,256,29
2022-07-29 00:09:58,(2(0)-1659024598:171922),blockDrv.BD_Cycles,256,30
2022-07-29 00:09:58,(2(0)-1659024598:172016),sendBuffComp.SendState,9732,SEND_IDLE
2022-07-29 00:09:58,(2(0)-1659024598:172140),systemResources.CPU_00,19205,3.00 percent
2022-07-29 00:09:57,(2(0)-1659024597:172122),systemResources.CPU_01,19206,4.12 percent
2022-07-29 00:09:57,(2(0)-1659024597:172149),systemResources.CPU_02,19207,3.09 percent
2022-07-29 00:09:57,(2(0)-1659024597:172176),systemResources.CPU_03,19208,3.06 percent
2022-07-29 00:09:57,(2(0)-1659024597:172203),systemResources.CPU_04,19209,4.04 percent
2022-07-29 00:09:57,(2(0)-1659024597:172229),systemResources.CPU_05,19210,5.94 percent
2022-07-29 00:09:57,(2(0)-1659024597:172256),systemResources.CPU_06,19211,6.00 percent
2022-07-29 00:09:57,(2(0)-1659024597:172291),systemResources.CPU_07,19212,6.67 percent
2022-07-29 00:09:57,(2(0)-1659024597:172293),systemResources.CPU,19204,4.74 percent
2022-07-29 00:09:57,(2(0)-1659024597:172335),systemResources.MEMORY_TOTAL,19200,16120712 KB
2022-07-29 00:09:57,(2(0)-1659024597:172336),systemResources.MEMORY_USED,19201,4514904 KB
2022-07-29 00:09:57,(2(0)-1659024597:172346),systemResources.NON_VOLATILE_FREE,19203,475442236 KB
2022-07-29 00:09:57,(2(0)-1659024597:172347),systemResources.NON_VOLATILE_TOTAL,19202,490617784 KB
2022-07-29 00:09:57,(2(0)-1659024597:172350),systemResources.FRAMEWORK_VERSION,19221,v3.1.0-51-g1f7b07da3
2022-07-29 00:09:57,(2(0)-1659024597:172354),systemResources.PROJECT_VERSION,19222,v3.1.0-51-g1f7b07da3
2022-07-29 00:09:58,(2(0)-1659024598:172149),systemResources.CPU_01,19206,1.04 percent
2022-07-29 00:09:58,(2(0)-1659024598:172157),systemResources.CPU_02,19207,4.00 percent
2022-07-29 00:09:58,(2(0)-1659024598:172165),systemResources.CPU_03,19208,1.03 percent
2022-07-29 00:09:58,(2(0)-1659024598:172172),systemResources.CPU_04,19209,3.00 percent
2022-07-29 00:09:58,(2(0)-1659024598:172179),systemResources.CPU_05,19210,3.06 percent
2022-07-29 00:09:58,(2(0)-1659024598:172187),systemResources.CPU_06,19211,7.00 percent
2022-07-29 00:09:58,(2(0)-1659024598:172195),systemResources.CPU_07,19212,2.15 percent
2022-07-29 00:09:58,(2(0)-1659024598:172195),systemResources.CPU,19204,3.04 percent
2022-07-29 00:09:58,(2(0)-1659024598:172210),systemResources.MEMORY_TOTAL,19200,16120712 KB
2022-07-29 00:09:58,(2(0)-1659024598:172210),systemResources.MEMORY_USED,19201,4516048 KB
2022-07-29 00:09:58,(2(0)-1659024598:172214),systemResources.NON_VOLATILE_FREE,19203,475442236 KB
2022-07-29 00:09:58,(2(0)-1659024598:172215),systemResources.NON_VOLATILE_TOTAL,19202,490617784 KB
2022-07-29 00:09:58,(2(0)-1659024598:172215),systemResources.FRAMEWORK_VERSION,19221,v3.1.0-51-g1f7b07da3
2022-07-29 00:09:58,(2(0)-1659024598:172216),systemResources.PROJECT_VERSION,19222,v3.1.0-51-g1f7b07da3
2022-07-29 00:09:59,(2(0)-1659024599:172090),blockDrv.BD_Cycles,256,31
2022-07-29 00:10:00,(2(0)-1659024600:172332),blockDrv.BD_Cycles,256,32
2022-07-29 00:10:00,(2(0)-1659024600:172487),sendBuffComp.SendState,9732,SEND_IDLE
2022-07-29 00:09:59,(2(0)-1659024599:172298),systemResources.CPU_00,19205,1.02 percent
2022-07-29 00:09:59,(2(0)-1659024599:172310),systemResources.CPU_01,19206,5.10 percent
2022-07-29 00:09:59,(2(0)-1659024599:172320),systemResources.CPU_02,19207,5.94 percent
2022-07-29 00:09:59,(2(0)-1659024599:172330),systemResources.CPU_03,19208,6.93 percent
2022-07-29 00:09:59,(2(0)-1659024599:172339),systemResources.CPU_04,19209,5.88 percent
2022-07-29 00:09:59,(2(0)-1659024599:172348),systemResources.CPU_05,19210,3.96 percent
2022-07-29 00:09:59,(2(0)-1659024599:172360),systemResources.CPU_06,19211,2.04 percent
2022-07-29 00:09:59,(2(0)-1659024599:172375),systemResources.CPU_07,19212,3.37 percent
2022-07-29 00:09:59,(2(0)-1659024599:172376),systemResources.CPU,19204,4.28 percent
2022-07-29 00:09:59,(2(0)-1659024599:172401),systemResources.MEMORY_TOTAL,19200,16120712 KB
2022-07-29 00:09:59,(2(0)-1659024599:172402),systemResources.MEMORY_USED,19201,4519028 KB
2022-07-29 00:09:59,(2(0)-1659024599:172406),systemResources.NON_VOLATILE_FREE,19203,475442236 KB
2022-07-29 00:09:59,(2(0)-1659024599:172407),systemResources.NON_VOLATILE_TOTAL,19202,490617784 KB
2022-07-29 00:09:59,(2(0)-1659024599:172408),systemResources.FRAMEWORK_VERSION,19221,v3.1.0-51-g1f7b07da3
2022-07-29 00:09:59,(2(0)-1659024599:172410),systemResources.PROJECT_VERSION,19222,v3.1.0-51-g1f7b07da3
2022-07-29 00:10:00,(2(0)-1659024600:172578),pingRcvr.PR_NumPings,2560,8
2022-07-29 00:10:00,(2(0)-1659024600:172644),systemResources.CPU_00,19205,5.00 percent
2022-07-29 00:10:00,(2(0)-1659024600:172682),systemResources.CPU_01,19206,3.03 percent
2022-07-29 00:10:00,(2(0)-1659024600:172713),systemResources.CPU_02,19207,2.02 percent
2022-07-29 00:10:00,(2(0)-1659024600:172751),systemResources.CPU_03,19208,2.04 percent
2022-07-29 00:10:00,(2(0)-1659024600:172795),systemResources.CPU_04,19209,3.03 percent
2022-07-29 00:10:00,(2(0)-1659024600:172841),systemResources.CPU_05,19210,5.88 percent
2022-07-29 00:10:00,(2(0)-1659024600:172885),systemResources.CPU_06,19211,5.88 percent
2022-07-29 00:10:00,(2(0)-1659024600:172933),systemResources.CPU_07,19212,3.33 percent
2022-07-29 00:10:00,(2(0)-1659024600:172935),systemResources.CPU,19204,3.78 percent
2022-07-29 00:10:00,(2(0)-1659024600:172984),systemResources.MEMORY_TOTAL,19200,16120712 KB
2022-07-29 00:10:00,(2(0)-1659024600:172986),systemResources.MEMORY_USED,19201,4518696 KB
2022-07-29 00:10:00,(2(0)-1659024600:172997),systemResources.NON_VOLATILE_FREE,19203,475442232 KB
2022-07-29 00:10:00,(2(0)-1659024600:172998),systemResources.NON_VOLATILE_TOTAL,19202,490617784 KB
2022-07-29 00:10:00,(2(0)-1659024600:173002),systemResources.FRAMEWORK_VERSION,19221,v3.1.0-51-g1f7b07da3
2022-07-29 00:10:00,(2(0)-1659024600:173005),systemResources.PROJECT_VERSION,19222,v3.1.0-51-g1f7b07da3
2022-07-29 00:10:01,(2(0)-1659024601:172447),blockDrv.BD_Cycles,256,33
2022-07-29 00:10:02,(2(0)-1659024602:172719),blockDrv.BD_Cycles,256,34
2022-07-29 00:10:02,(2(0)-1659024602:172770),sendBuffComp.SendState,9732,SEND_IDLE
2022-07-29 00:10:01,(2(0)-1659024601:172604),systemResources.CPU_00,19205,2.04 percent
2022-07-29 00:10:01,(2(0)-1659024601:172619),systemResources.CPU_01,19206,5.10 percent
2022-07-29 00:10:01,(2(0)-1659024601:172632),systemResources.CPU_02,19207,4.04 percent
2022-07-29 00:10:01,(2(0)-1659024601:172645),systemResources.CPU_03,19208,5.00 percent
2022-07-29 00:10:01,(2(0)-1659024601:172658),systemResources.CPU_04,19209,6.86 percent
2022-07-29 00:10:01,(2(0)-1659024601:172668),systemResources.CPU_05,19210,3.06 percent
2022-07-29 00:10:01,(2(0)-1659024601:172677),systemResources.CPU_06,19211,5.05 percent
2022-07-29 00:10:01,(2(0)-1659024601:172686),systemResources.CPU_07,19212,5.43 percent
2022-07-29 00:10:01,(2(0)-1659024601:172687),systemResources.CPU,19204,4.57 percent
2022-07-29 00:10:01,(2(0)-1659024601:172700),systemResources.MEMORY_TOTAL,19200,16120712 KB
2022-07-29 00:10:01,(2(0)-1659024601:172701),systemResources.MEMORY_USED,19201,4546040 KB
2022-07-29 00:10:01,(2(0)-1659024601:172709),systemResources.NON_VOLATILE_FREE,19203,475442232 KB
2022-07-29 00:10:01,(2(0)-1659024601:172709),systemResources.NON_VOLATILE_TOTAL,19202,490617784 KB
2022-07-29 00:10:01,(2(0)-1659024601:172710),systemResources.FRAMEWORK_VERSION,19221,v3.1.0-51-g1f7b07da3
2022-07-29 00:10:01,(2(0)-1659024601:172711),systemResources.PROJECT_VERSION,19222,v3.1.0-51-g1f7b07da3
2022-07-29 00:10:02,(2(0)-1659024602:173001),systemResources.CPU_00,19205,5.00 percent
2022-07-29 00:10:02,(2(0)-1659024602:173040),systemResources.CPU_01,19206,3.06 percent
2022-07-29 00:10:02,(2(0)-1659024602:173083),systemResources.CPU_02,19207,4.00 percent
2022-07-29 00:10:02,(2(0)-1659024602:173112),systemResources.CPU_03,19208,3.03 percent
2022-07-29 00:10:02,(2(0)-1659024602:173151),systemResources.CPU_04,19209,3.09 percent
2022-07-29 00:10:02,(2(0)-1659024602:173194),systemResources.CPU_05,19210,6.00 percent
2022-07-29 00:10:02,(2(0)-1659024602:173238),systemResources.CPU_06,19211,5.00 percent
2022-07-29 00:10:02,(2(0)-1659024602:173282),systemResources.CPU_07,19212,9.47 percent
2022-07-29 00:10:02,(2(0)-1659024602:173283),systemResources.CPU,19204,4.83 percent
2022-07-29 00:10:02,(2(0)-1659024602:173325),systemResources.MEMORY_TOTAL,19200,16120712 KB
2022-07-29 00:10:02,(2(0)-1659024602:173328),systemResources.MEMORY_USED,19201,4554292 KB
2022-07-29 00:10:02,(2(0)-1659024602:173336),systemResources.NON_VOLATILE_FREE,19203,475442240 KB
2022-07-29 00:10:02,(2(0)-1659024602:173337),systemResources.NON_VOLATILE_TOTAL,19202,490617784 KB
2022-07-29 00:10:02,(2(0)-1659024602:173339),systemResources.FRAMEWORK_VERSION,19221,v3.1.0-51-g1f7b07da3
2022-07-29 00:10:02,(2(0)-1659024602:173342),systemResources.PROJECT_VERSION,19222,v3.1.0-51-g1f7b07da3
2022-07-29 00:10:03,(2(0)-1659024603:172915),blockDrv.BD_Cycles,256,35
2022-07-29 00:10:04,(2(0)-1659024604:173113),blockDrv.BD_Cycles,256,36
2022-07-29 00:10:04,(2(0)-1659024604:173250),sendBuffComp.SendState,9732,SEND_IDLE
2022-07-29 00:10:03,(2(0)-1659024603:173108),systemResources.CPU_00,19205,7.00 percent
2022-07-29 00:10:03,(2(0)-1659024603:173121),systemResources.CPU_01,19206,2.11 percent
2022-07-29 00:10:03,(2(0)-1659024603:173131),systemResources.CPU_02,19207,3.09 percent
2022-07-29 00:10:03,(2(0)-1659024603:173141),systemResources.CPU_03,19208,4.08 percent
2022-07-29 00:10:03,(2(0)-1659024603:173151),systemResources.CPU_04,19209,5.00 percent
2022-07-29 00:10:03,(2(0)-1659024603:173161),systemResources.CPU_05,19210,5.15 percent
2022-07-29 00:10:03,(2(0)-1659024603:173171),systemResources.CPU_06,19211,2.06 percent
2022-07-29 00:10:03,(2(0)-1659024603:173181),systemResources.CPU_07,19212,7.87 percent
2022-07-29 00:10:03,(2(0)-1659024603:173182),systemResources.CPU,19204,4.55 percent
2022-07-29 00:10:03,(2(0)-1659024603:173202),systemResources.MEMORY_TOTAL,19200,16120712 KB
2022-07-29 00:10:03,(2(0)-1659024603:173203),systemResources.MEMORY_USED,19201,4561152 KB
2022-07-29 00:10:03,(2(0)-1659024603:173208),systemResources.NON_VOLATILE_FREE,19203,475442236 KB
2022-07-29 00:10:03,(2(0)-1659024603:173208),systemResources.NON_VOLATILE_TOTAL,19202,490617784 KB
2022-07-29 00:10:03,(2(0)-1659024603:173210),systemResources.FRAMEWORK_VERSION,19221,v3.1.0-51-g1f7b07da3
2022-07-29 00:10:03,(2(0)-1659024603:173211),systemResources.PROJECT_VERSION,19222,v3.1.0-51-g1f7b07da3
2022-07-29 00:10:04,(2(0)-1659024604:173334),pingRcvr.PR_NumPings,2560,9
2022-07-29 00:10:04,(2(0)-1659024604:173397),systemResources.CPU_00,19205,4.95 percent
2022-07-29 00:10:04,(2(0)-1659024604:173453),systemResources.CPU_01,19206,3.12 percent
2022-07-29 00:10:04,(2(0)-1659024604:173497),systemResources.CPU_02,19207,3.00 percent
2022-07-29 00:10:04,(2(0)-1659024604:173535),systemResources.CPU_03,19208,4.00 percent
2022-07-29 00:10:04,(2(0)-1659024604:173574),systemResources.CPU_04,19209,5.94 percent
2022-07-29 00:10:04,(2(0)-1659024604:173614),systemResources.CPU_05,19210,4.95 percent
2022-07-29 00:10:04,(2(0)-1659024604:173647),systemResources.CPU_06,19211,6.06 percent
2022-07-29 00:10:04,(2(0)-1659024604:173674),systemResources.CPU_07,19212,1.15 percent
2022-07-29 00:10:04,(2(0)-1659024604:173675),systemResources.CPU,19204,4.15 percent
2022-07-29 00:10:04,(2(0)-1659024604:173715),systemResources.MEMORY_TOTAL,19200,16120712 KB
2022-07-29 00:10:04,(2(0)-1659024604:173716),systemResources.MEMORY_USED,19201,4560312 KB
2022-07-29 00:10:04,(2(0)-1659024604:173724),systemResources.NON_VOLATILE_FREE,19203,475442236 KB
2022-07-29 00:10:04,(2(0)-1659024604:173725),systemResources.NON_VOLATILE_TOTAL,19202,490617784 KB
2022-07-29 00:10:04,(2(0)-1659024604:173728),systemResources.FRAMEWORK_VERSION,19221,v3.1.0-51-g1f7b07da3
2022-07-29 00:10:04,(2(0)-1659024604:173730),systemResources.PROJECT_VERSION,19222,v3.1.0-51-g1f7b07da3
2022-07-29 00:10:05,(2(0)-1659024605:173237),blockDrv.BD_Cycles,256,37
2022-07-29 00:10:06,(2(0)-1659024606:173345),blockDrv.BD_Cycles,256,38
2022-07-29 00:10:06,(2(0)-1659024606:173405),sendBuffComp.SendState,9732,SEND_IDLE
2022-07-29 00:10:05,(2(0)-1659024605:173446),systemResources.CPU_00,19205,7.07 percent
2022-07-29 00:10:05,(2(0)-1659024605:173461),systemResources.CPU_01,19206,7.07 percent
2022-07-29 00:10:05,(2(0)-1659024605:173473),systemResources.CPU_02,19207,6.06 percent
2022-07-29 00:10:05,(2(0)-1659024605:173490),systemResources.CPU_03,19208,4.08 percent
2022-07-29 00:10:05,(2(0)-1659024605:173503),systemResources.CPU_04,19209,6.00 percent
2022-07-29 00:10:05,(2(0)-1659024605:173516),systemResources.CPU_05,19210,4.08 percent
2022-07-29 00:10:05,(2(0)-1659024605:173528),systemResources.CPU_06,19211,4.95 percent
2022-07-29 00:10:05,(2(0)-1659024605:173537),systemResources.CPU_07,19212,4.26 percent
2022-07-29 00:10:05,(2(0)-1659024605:173537),systemResources.CPU,19204,5.45 percent
2022-07-29 00:10:05,(2(0)-1659024605:173553),systemResources.MEMORY_TOTAL,19200,16120712 KB
2022-07-29 00:10:05,(2(0)-1659024605:173554),systemResources.MEMORY_USED,19201,4580684 KB
2022-07-29 00:10:05,(2(0)-1659024605:173558),systemResources.NON_VOLATILE_FREE,19203,475442236 KB
2022-07-29 00:10:05,(2(0)-1659024605:173558),systemResources.NON_VOLATILE_TOTAL,19202,490617784 KB
2022-07-29 00:10:05,(2(0)-1659024605:173559),systemResources.FRAMEWORK_VERSION,19221,v3.1.0-51-g1f7b07da3
2022-07-29 00:10:05,(2(0)-1659024605:173560),systemResources.PROJECT_VERSION,19222,v3.1.0-51-g1f7b07da3
2022-07-29 00:10:06,(2(0)-1659024606:173556),systemResources.CPU_00,19205,3.06 percent
2022-07-29 00:10:06,(2(0)-1659024606:173568),systemResources.CPU_01,19206,7.92 percent
2022-07-29 00:10:06,(2(0)-1659024606:173577),systemResources.CPU_02,19207,7.92 percent
2022-07-29 00:10:06,(2(0)-1659024606:173586),systemResources.CPU_03,19208,5.94 percent
2022-07-29 00:10:06,(2(0)-1659024606:173595),systemResources.CPU_04,19209,5.00 percent
2022-07-29 00:10:06,(2(0)-1659024606:173604),systemResources.CPU_05,19210,4.08 percent
2022-07-29 00:10:06,(2(0)-1659024606:173613),systemResources.CPU_06,19211,4.00 percent
2022-07-29 00:10:06,(2(0)-1659024606:173622),systemResources.CPU_07,19212,2.13 percent
2022-07-29 00:10:06,(2(0)-1659024606:173622),systemResources.CPU,19204,5.01 percent
2022-07-29 00:10:06,(2(0)-1659024606:173637),systemResources.MEMORY_TOTAL,19200,16120712 KB
2022-07-29 00:10:06,(2(0)-1659024606:173638),systemResources.MEMORY_USED,19201,4574564 KB
2022-07-29 00:10:06,(2(0)-1659024606:173642),systemResources.NON_VOLATILE_FREE,19203,475442232 KB
2022-07-29 00:10:06,(2(0)-1659024606:173643),systemResources.NON_VOLATILE_TOTAL,19202,490617784 KB
2022-07-29 00:10:06,(2(0)-1659024606:173644),systemResources.FRAMEWORK_VERSION,19221,v3.1.0-51-g1f7b07da3
2022-07-29 00:10:06,(2(0)-1659024606:173645),systemResources.PROJECT_VERSION,19222,v3.1.0-51-g1f7b07da3
2022-07-29 00:10:07,(2(0)-1659024607:173545),blockDrv.BD_Cycles,256,39
2022-07-29 00:10:08,(2(0)-1659024608:173652),blockDrv.BD_Cycles,256,40
2022-07-29 00:10:08,(2(0)-1659024608:173699),sendBuffComp.SendState,9732,SEND_IDLE
2022-07-29 00:10:07,(2(0)-1659024607:173795),systemResources.CPU_00,19205,5.10 percent
2022-07-29 00:10:07,(2(0)-1659024607:173846),systemResources.CPU_01,19206,6.12 percent
2022-07-29 00:10:07,(2(0)-1659024607:173890),systemResources.CPU_02,19207,5.10 percent
2022-07-29 00:10:07,(2(0)-1659024607:173935),systemResources.CPU_03,19208,7.00 percent
2022-07-29 00:10:07,(2(0)-1659024607:173965),systemResources.CPU_04,19209,5.00 percent
2022-07-29 00:10:07,(2(0)-1659024607:173992),systemResources.CPU_05,19210,6.06 percent
2022-07-29 00:10:07,(2(0)-1659024607:174024),systemResources.CPU_06,19211,7.14 percent
2022-07-29 00:10:07,(2(0)-1659024607:174069),systemResources.CPU_07,19212,7.37 percent
2022-07-29 00:10:07,(2(0)-1659024607:174071),systemResources.CPU,19204,6.11 percent
2022-07-29 00:10:07,(2(0)-1659024607:174105),systemResources.MEMORY_TOTAL,19200,16120712 KB
2022-07-29 00:10:07,(2(0)-1659024607:174106),systemResources.MEMORY_USED,19201,4573264 KB
2022-07-29 00:10:07,(2(0)-1659024607:174114),systemResources.NON_VOLATILE_FREE,19203,475442232 KB
2022-07-29 00:10:07,(2(0)-1659024607:174115),systemResources.NON_VOLATILE_TOTAL,19202,490617784 KB
2022-07-29 00:10:07,(2(0)-1659024607:174117),systemResources.FRAMEWORK_VERSION,19221,v3.1.0-51-g1f7b07da3
2022-07-29 00:10:07,(2(0)-1659024607:174121),systemResources.PROJECT_VERSION,19222,v3.1.0-51-g1f7b07da3
2022-07-29 00:10:08,(2(0)-1659024608:173741),pingRcvr.PR_NumPings,2560,10
2022-07-29 00:10:08,(2(0)-1659024608:173807),systemResources.CPU_00,19205,5.94 percent
2022-07-29 00:10:08,(2(0)-1659024608:173822),systemResources.CPU_01,19206,5.10 percent
2022-07-29 00:10:08,(2(0)-1659024608:173835),systemResources.CPU_02,19207,5.94 percent
2022-07-29 00:10:08,(2(0)-1659024608:173848),systemResources.CPU_03,19208,4.08 percent
2022-07-29 00:10:08,(2(0)-1659024608:173856),systemResources.CPU_04,19209,3.06 percent
2022-07-29 00:10:08,(2(0)-1659024608:173864),systemResources.CPU_05,19210,2.02 percent
2022-07-29 00:10:08,(2(0)-1659024608:173872),systemResources.CPU_06,19211,4.95 percent
2022-07-29 00:10:08,(2(0)-1659024608:173880),systemResources.CPU_07,19212,7.61 percent
2022-07-29 00:10:08,(2(0)-1659024608:173880),systemResources.CPU,19204,4.84 percent
2022-07-29 00:10:08,(2(0)-1659024608:173896),systemResources.MEMORY_TOTAL,19200,16120712 KB
2022-07-29 00:10:08,(2(0)-1659024608:173897),systemResources.MEMORY_USED,19201,4580712 KB
2022-07-29 00:10:08,(2(0)-1659024608:173900),systemResources.NON_VOLATILE_FREE,19203,475442228 KB
2022-07-29 00:10:08,(2(0)-1659024608:173901),systemResources.NON_VOLATILE_TOTAL,19202,490617784 KB
2022-07-29 00:10:08,(2(0)-1659024608:173902),systemResources.FRAMEWORK_VERSION,19221,v3.1.0-51-g1f7b07da3
2022-07-29 00:10:08,(2(0)-1659024608:173903),systemResources.PROJECT_VERSION,19222,v3.1.0-51-g1f7b07da3
2022-07-29 00:10:09,(2(0)-1659024609:173852),blockDrv.BD_Cycles,256,41
2022-07-29 00:10:10,(2(0)-1659024610:174039),blockDrv.BD_Cycles,256,42
2022-07-29 00:10:10,(2(0)-1659024610:174065),sendBuffComp.SendState,9732,SEND_IDLE
2022-07-29 00:10:09,(2(0)-1659024609:174132),systemResources.CPU_00,19205,1.02 percent
2022-07-29 00:10:09,(2(0)-1659024609:174175),systemResources.CPU_01,19206,2.02 percent
2022-07-29 00:10:09,(2(0)-1659024609:174216),systemResources.CPU_02,19207,1.01 percent
2022-07-29 00:10:09,(2(0)-1659024609:174289),systemResources.CPU_03,19208,5.88 percent
2022-07-29 00:10:09,(2(0)-1659024609:174337),systemResources.CPU_04,19209,1.01 percent
2022-07-29 00:10:09,(2(0)-1659024609:174370),systemResources.CPU_05,19210,3.96 percent
2022-07-29 00:10:09,(2(0)-1659024609:174397),systemResources.CPU_06,19211,3.06 percent
2022-07-29 00:10:09,(2(0)-1659024609:174424),systemResources.CPU_07,19212,4.00 percent
2022-07-29 00:10:09,(2(0)-1659024609:174425),systemResources.CPU,19204,2.75 percent
2022-07-29 00:10:09,(2(0)-1659024609:174458),systemResources.MEMORY_TOTAL,19200,16120712 KB
2022-07-29 00:10:09,(2(0)-1659024609:174460),systemResources.MEMORY_USED,19201,4579832 KB
2022-07-29 00:10:09,(2(0)-1659024609:174468),systemResources.NON_VOLATILE_FREE,19203,475442228 KB
2022-07-29 00:10:09,(2(0)-1659024609:174469),systemResources.NON_VOLATILE_TOTAL,19202,490617784 KB
2022-07-29 00:10:09,(2(0)-1659024609:174471),systemResources.FRAMEWORK_VERSION,19221,v3.1.0-51-g1f7b07da3
2022-07-29 00:10:09,(2(0)-1659024609:174473),systemResources.PROJECT_VERSION,19222,v3.1.0-51-g1f7b07da3
2022-07-29 00:10:10,(2(0)-1659024610:174206),systemResources.CPU_00,19205,3.96 percent
2022-07-29 00:10:10,(2(0)-1659024610:174219),systemResources.CPU_01,19206,2.04 percent
2022-07-29 00:10:10,(2(0)-1659024610:174232),systemResources.CPU_02,19207,5.88 percent
2022-07-29 00:10:10,(2(0)-1659024610:174251),systemResources.CPU_03,19208,3.03 percent
2022-07-29 00:10:10,(2(0)-1659024610:174261),systemResources.CPU_04,19209,2.02 percent
2022-07-29 00:10:10,(2(0)-1659024610:174269),systemResources.CPU_05,19210,4.00 percent
2022-07-29 00:10:10,(2(0)-1659024610:174276),systemResources.CPU_06,19211,5.94 percent
2022-07-29 00:10:10,(2(0)-1659024610:174284),systemResources.CPU_07,19212,2.17 percent
2022-07-29 00:10:10,(2(0)-1659024610:174284),systemResources.CPU,19204,3.63 percent
2022-07-29 00:10:10,(2(0)-1659024610:174296),systemResources.MEMORY_TOTAL,19200,16120712 KB
2022-07-29 00:10:10,(2(0)-1659024610:174296),systemResources.MEMORY_USED,19201,4585108 KB
2022-07-29 00:10:10,(2(0)-1659024610:174300),systemResources.NON_VOLATILE_FREE,19203,475442224 KB
2022-07-29 00:10:10,(2(0)-1659024610:174300),systemResources.NON_VOLATILE_TOTAL,19202,490617784 KB
2022-07-29 00:10:10,(2(0)-1659024610:174301),systemResources.FRAMEWORK_VERSION,19221,v3.1.0-51-g1f7b07da3
2022-07-29 00:10:10,(2(0)-1659024610:174303),systemResources.PROJECT_VERSION,19222,v3.1.0-51-g1f7b07da3
2022-07-29 00:10:11,(2(0)-1659024611:174148),blockDrv.BD_Cycles,256,43
2022-07-29 00:10:12,(2(0)-1659024612:174254),blockDrv.BD_Cycles,256,44
2022-07-29 00:10:12,(2(0)-1659024612:174264),sendBuffComp.SendState,9732,SEND_IDLE
2022-07-29 00:10:11,(2(0)-1659024611:174357),systemResources.CPU_00,19205,4.95 percent
2022-07-29 00:10:11,(2(0)-1659024611:174370),systemResources.CPU_01,19206,9.18 percent
2022-07-29 00:10:11,(2(0)-1659024611:174380),systemResources.CPU_02,19207,5.00 percent
2022-07-29 00:10:11,(2(0)-1659024611:174391),systemResources.CPU_03,19208,4.04 percent
2022-07-29 00:10:11,(2(0)-1659024611:174402),systemResources.CPU_04,19209,5.94 percent
2022-07-29 00:10:11,(2(0)-1659024611:174416),systemResources.CPU_05,19210,6.93 percent
2022-07-29 00:10:11,(2(0)-1659024611:174424),systemResources.CPU_06,19211,6.00 percent
2022-07-29 00:10:11,(2(0)-1659024611:174434),systemResources.CPU_07,19212,4.26 percent
2022-07-29 00:10:11,(2(0)-1659024611:174435),systemResources.CPU,19204,5.79 percent
2022-07-29 00:10:11,(2(0)-1659024611:174467),systemResources.MEMORY_TOTAL,19200,16120712 KB
2022-07-29 00:10:11,(2(0)-1659024611:174467),systemResources.MEMORY_USED,19201,4590768 KB
2022-07-29 00:10:11,(2(0)-1659024611:174472),systemResources.NON_VOLATILE_FREE,19203,475442220 KB
2022-07-29 00:10:11,(2(0)-1659024611:174472),systemResources.NON_VOLATILE_TOTAL,19202,490617784 KB
2022-07-29 00:10:11,(2(0)-1659024611:174473),systemResources.FRAMEWORK_VERSION,19221,v3.1.0-51-g1f7b07da3
2022-07-29 00:10:11,(2(0)-1659024611:174474),systemResources.PROJECT_VERSION,19222,v3.1.0-51-g1f7b07da3
2022-07-29 00:10:12,(2(0)-1659024612:174307),pingRcvr.PR_NumPings,2560,11
2022-07-29 00:10:12,(2(0)-1659024612:174362),systemResources.CPU_00,19205,2.02 percent
2022-07-29 00:10:12,(2(0)-1659024612:174376),systemResources.CPU_01,19206,2.08 percent
2022-07-29 00:10:12,(2(0)-1659024612:174387),systemResources.CPU_02,19207,4.00 percent
2022-07-29 00:10:12,(2(0)-1659024612:174398),systemResources.CPU_03,19208,5.05 percent
2022-07-29 00:10:12,(2(0)-1659024612:174411),systemResources.CPU_04,19209,4.00 percent
2022-07-29 00:10:12,(2(0)-1659024612:174419),systemResources.CPU_05,19210,4.00 percent
2022-07-29 00:10:12,(2(0)-1659024612:174426),systemResources.CPU_06,19211,1.02 percent
2022-07-29 00:10:12,(2(0)-1659024612:174433),systemResources.CPU_07,19212,3.26 percent
2022-07-29 00:10:12,(2(0)-1659024612:174434),systemResources.CPU,19204,3.18 percent
2022-07-29 00:10:12,(2(0)-1659024612:174448),systemResources.MEMORY_TOTAL,19200,16120712 KB
2022-07-29 00:10:12,(2(0)-1659024612:174449),systemResources.MEMORY_USED,19201,4565824 KB
2022-07-29 00:10:12,(2(0)-1659024612:174453),systemResources.NON_VOLATILE_FREE,19203,475442220 KB
2022-07-29 00:10:12,(2(0)-1659024612:174453),systemResources.NON_VOLATILE_TOTAL,19202,490617784 KB
2022-07-29 00:10:12,(2(0)-1659024612:174454),systemResources.FRAMEWORK_VERSION,19221,v3.1.0-51-g1f7b07da3
2022-07-29 00:10:12,(2(0)-1659024612:174455),systemResources.PROJECT_VERSION,19222,v3.1.0-51-g1f7b07da3
2022-07-29 00:10:13,(2(0)-1659024613:174487),blockDrv.BD_Cycles,256,45
2022-07-29 00:10:14,(2(0)-1659024614:174603),blockDrv.BD_Cycles,256,46
2022-07-29 00:10:14,(2(0)-1659024614:174638),sendBuffComp.SendState,9732,SEND_IDLE
2022-07-29 00:10:13,(2(0)-1659024613:174773),systemResources.CPU_00,19205,1.02 percent
2022-07-29 00:10:13,(2(0)-1659024613:174821),systemResources.CPU_01,19206,3.06 percent
2022-07-29 00:10:13,(2(0)-1659024613:174865),systemResources.CPU_02,19207,3.03 percent
2022-07-29 00:10:13,(2(0)-1659024613:174910),systemResources.CPU_03,19208,6.06 percent
2022-07-29 00:10:13,(2(0)-1659024613:174957),systemResources.CPU_04,19209,1.03 percent
2022-07-29 00:10:13,(2(0)-1659024613:174988),systemResources.CPU_05,19210,3.96 percent
2022-07-29 00:10:13,(2(0)-1659024613:175017),systemResources.CPU_06,19211,3.00 percent
2022-07-29 00:10:13,(2(0)-1659024613:175046),systemResources.CPU_07,19212,6.38 percent
2022-07-29 00:10:13,(2(0)-1659024613:175047),systemResources.CPU,19204,3.44 percent
2022-07-29 00:10:13,(2(0)-1659024613:175082),systemResources.MEMORY_TOTAL,19200,16120712 KB
2022-07-29 00:10:13,(2(0)-1659024613:175084),systemResources.MEMORY_USED,19201,4557532 KB
2022-07-29 00:10:13,(2(0)-1659024613:175092),systemResources.NON_VOLATILE_FREE,19203,475442220 KB
2022-07-29 00:10:13,(2(0)-1659024613:175093),systemResources.NON_VOLATILE_TOTAL,19202,490617784 KB
2022-07-29 00:10:13,(2(0)-1659024613:175096),systemResources.FRAMEWORK_VERSION,19221,v3.1.0-51-g1f7b07da3
2022-07-29 00:10:13,(2(0)-1659024613:175099),systemResources.PROJECT_VERSION,19222,v3.1.0-51-g1f7b07da3
2022-07-29 00:10:14,(2(0)-1659024614:174856),systemResources.CPU_00,19205,4.04 percent
2022-07-29 00:10:14,(2(0)-1659024614:174902),systemResources.CPU_01,19206,4.00 percent
2022-07-29 00:10:14,(2(0)-1659024614:174940),systemResources.CPU_02,19207,2.06 percent
2022-07-29 00:10:14,(2(0)-1659024614:174979),systemResources.CPU_03,19208,9.00 percent
2022-07-29 00:10:14,(2(0)-1659024614:175020),systemResources.CPU_04,19209,6.00 percent
2022-07-29 00:10:14,(2(0)-1659024614:175057),systemResources.CPU_05,19210,5.05 percent
2022-07-29 00:10:14,(2(0)-1659024614:175085),systemResources.CPU_06,19211,4.00 percent
2022-07-29 00:10:14,(2(0)-1659024614:175112),systemResources.CPU_07,19212,2.04 percent
2022-07-29 00:10:14,(2(0)-1659024614:175113),systemResources.CPU,19204,4.52 percent
2022-07-29 00:10:14,(2(0)-1659024614:175146),systemResources.MEMORY_TOTAL,19200,16120712 KB
2022-07-29 00:10:14,(2(0)-1659024614:175148),systemResources.MEMORY_USED,19201,4570432 KB
2022-07-29 00:10:14,(2(0)-1659024614:175156),systemResources.NON_VOLATILE_FREE,19203,475442216 KB
2022-07-29 00:10:14,(2(0)-1659024614:175157),systemResources.NON_VOLATILE_TOTAL,19202,490617784 KB
2022-07-29 00:10:14,(2(0)-1659024614:175159),systemResources.FRAMEWORK_VERSION,19221,v3.1.0-51-g1f7b07da3
2022-07-29 00:10:14,(2(0)-1659024614:175161),systemResources.PROJECT_VERSION,19222,v3.1.0-51-g1f7b07da3
2022-07-29 00:10:15,(2(0)-1659024615:174824),blockDrv.BD_Cycles,256,47
2022-07-29 00:10:16,(2(0)-1659024616:175069),blockDrv.BD_Cycles,256,48
2022-07-29 00:10:16,(2(0)-1659024616:175100),sendBuffComp.SendState,9732,SEND_IDLE
2022-07-29 00:10:15,(2(0)-1659024615:175092),systemResources.CPU_00,19205,3.06 percent
2022-07-29 00:10:15,(2(0)-1659024615:175138),systemResources.CPU_01,19206,4.00 percent
2022-07-29 00:10:15,(2(0)-1659024615:175176),systemResources.CPU_02,19207,2.97 percent
2022-07-29 00:10:15,(2(0)-1659024615:175216),systemResources.CPU_03,19208,2.04 percent
2022-07-29 00:10:15,(2(0)-1659024615:175258),systemResources.CPU_04,19209,4.08 percent
2022-07-29 00:10:15,(2(0)-1659024615:175301),systemResources.CPU_05,19210,4.00 percent
2022-07-29 00:10:15,(2(0)-1659024615:175331),systemResources.CPU_06,19211,3.00 percent
2022-07-29 00:10:15,(2(0)-1659024615:175358),systemResources.CPU_07,19212,3.00 percent
2022-07-29 00:10:15,(2(0)-1659024615:175359),systemResources.CPU,19204,3.27 percent
2022-07-29 00:10:15,(2(0)-1659024615:175393),systemResources.MEMORY_TOTAL,19200,16120712 KB
2022-07-29 00:10:15,(2(0)-1659024615:175394),systemResources.MEMORY_USED,19201,4571552 KB
2022-07-29 00:10:15,(2(0)-1659024615:175403),systemResources.NON_VOLATILE_FREE,19203,475442216 KB
2022-07-29 00:10:15,(2(0)-1659024615:175403),systemResources.NON_VOLATILE_TOTAL,19202,490617784 KB
2022-07-29 00:10:15,(2(0)-1659024615:175406),systemResources.FRAMEWORK_VERSION,19221,v3.1.0-51-g1f7b07da3
2022-07-29 00:10:15,(2(0)-1659024615:175408),systemResources.PROJECT_VERSION,19222,v3.1.0-51-g1f7b07da3
2022-07-29 00:10:16,(2(0)-1659024616:175292),pingRcvr.PR_NumPings,2560,12
2022-07-29 00:10:16,(2(0)-1659024616:175388),systemResources.CPU_00,19205,7.07 percent
2022-07-29 00:10:16,(2(0)-1659024616:175426),systemResources.CPU_01,19206,5.10 percent
2022-07-29 00:10:16,(2(0)-1659024616:175456),systemResources.CPU_02,19207,3.06 percent
2022-07-29 00:10:16,(2(0)-1659024616:175485),systemResources.CPU_03,19208,4.04 percent
2022-07-29 00:10:16,(2(0)-1659024616:175514),systemResources.CPU_04,19209,6.00 percent
2022-07-29 00:10:16,(2(0)-1659024616:175542),systemResources.CPU_05,19210,8.00 percent
2022-07-29 00:10:16,(2(0)-1659024616:175573),systemResources.CPU_06,19211,5.05 percent
2022-07-29 00:10:16,(2(0)-1659024616:175603),systemResources.CPU_07,19212,3.06 percent
2022-07-29 00:10:16,(2(0)-1659024616:175604),systemResources.CPU,19204,5.17 percent
2022-07-29 00:10:16,(2(0)-1659024616:175638),systemResources.MEMORY_TOTAL,19200,16120712 KB
2022-07-29 00:10:16,(2(0)-1659024616:175640),systemResources.MEMORY_USED,19201,4581324 KB
2022-07-29 00:10:16,(2(0)-1659024616:175648),systemResources.NON_VOLATILE_FREE,19203,475442216 KB
2022-07-29 00:10:16,(2(0)-1659024616:175649),systemResources.NON_VOLATILE_TOTAL,19202,490617784 KB
2022-07-29 00:10:16,(2(0)-1659024616:175651),systemResources.FRAMEWORK_VERSION,19221,v3.1.0-51-g1f7b07da3
2022-07-29 00:10:16,(2(0)-1659024616:175654),systemResources.PROJECT_VERSION,19222,v3.1.0-51-g1f7b07da3
2022-07-29 00:10:17,(2(0)-1659024617:175181),blockDrv.BD_Cycles,256,49
2022-07-29 00:10:17,(2(0)-1659024617:139464),cmdDisp.CommandsDispatched,1280,3
2022-07-29 00:10:18,(2(0)-1659024618:175307),blockDrv.BD_Cycles,256,50
2022-07-29 00:10:18,(2(0)-1659024618:175338),sendBuffComp.SendState,9732,SEND_IDLE
2022-07-29 00:10:17,(2(0)-1659024617:175300),systemResources.CPU_00,19205,2.04 percent
2022-07-29 00:10:17,(2(0)-1659024617:175309),systemResources.CPU_01,19206,7.00 percent
2022-07-29 00:10:17,(2(0)-1659024617:175317),systemResources.CPU_02,19207,4.04 percent
2022-07-29 00:10:17,(2(0)-1659024617:175325),systemResources.CPU_03,19208,7.22 percent
2022-07-29 00:10:17,(2(0)-1659024617:175333),systemResources.CPU_04,19209,4.95 percent
2022-07-29 00:10:17,(2(0)-1659024617:175340),systemResources.CPU_05,19210,6.93 percent
2022-07-29 00:10:17,(2(0)-1659024617:175348),systemResources.CPU_06,19211,5.05 percent
2022-07-29 00:10:17,(2(0)-1659024617:175356),systemResources.CPU_07,19212,9.28 percent
2022-07-29 00:10:17,(2(0)-1659024617:175356),systemResources.CPU,19204,5.81 percent
2022-07-29 00:10:17,(2(0)-1659024617:175368),systemResources.MEMORY_TOTAL,19200,16120712 KB
2022-07-29 00:10:17,(2(0)-1659024617:175368),systemResources.MEMORY_USED,19201,4569920 KB
2022-07-29 00:10:17,(2(0)-1659024617:175371),systemResources.NON_VOLATILE_FREE,19203,475442212 KB
2022-07-29 00:10:17,(2(0)-1659024617:175372),systemResources.NON_VOLATILE_TOTAL,19202,490617784 KB
2022-07-29 00:10:17,(2(0)-1659024617:175372),systemResources.FRAMEWORK_VERSION,19221,v3.1.0-51-g1f7b07da3
2022-07-29 00:10:17,(2(0)-1659024617:175373),systemResources.PROJECT_VERSION,19222,v3.1.0-51-g1f7b07da3
2022-07-29 00:10:18,(2(0)-1659024618:175580),systemResources.CPU_00,19205,5.94 percent
2022-07-29 00:10:18,(2(0)-1659024618:175612),systemResources.CPU_01,19206,3.09 percent
2022-07-29 00:10:18,(2(0)-1659024618:175638),systemResources.CPU_02,19207,4.04 percent
2022-07-29 00:10:18,(2(0)-1659024618:175662),systemResources.CPU_03,19208,9.09 percent
2022-07-29 00:10:18,(2(0)-1659024618:175687),systemResources.CPU_04,19209,7.92 percent
2022-07-29 00:10:18,(2(0)-1659024618:175711),systemResources.CPU_05,19210,1.01 percent
2022-07-29 00:10:18,(2(0)-1659024618:175736),systemResources.CPU_06,19211,3.03 percent
2022-07-29 00:10:18,(2(0)-1659024618:175762),systemResources.CPU_07,19212,6.00 percent
2022-07-29 00:10:18,(2(0)-1659024618:175763),systemResources.CPU,19204,5.02 percent
2022-07-29 00:10:18,(2(0)-1659024618:175792),systemResources.MEMORY_TOTAL,19200,16120712 KB
2022-07-29 00:10:18,(2(0)-1659024618:175793),systemResources.MEMORY_USED,19201,4568788 KB
2022-07-29 00:10:18,(2(0)-1659024618:175801),systemResources.NON_VOLATILE_FREE,19203,475442208 KB
2022-07-29 00:10:18,(2(0)-1659024618:175801),systemResources.NON_VOLATILE_TOTAL,19202,490617784 KB
2022-07-29 00:10:18,(2(0)-1659024618:175803),systemResources.FRAMEWORK_VERSION,19221,v3.1.0-51-g1f7b07da3
2022-07-29 00:10:18,(2(0)-1659024618:175806),systemResources.PROJECT_VERSION,19222,v3.1.0-51-g1f7b07da3
2022-07-29 00:10:19,(2(0)-1659024619:175431),blockDrv.BD_Cycles,256,51
2022-07-29 00:10:20,(2(0)-1659024620:175580),blockDrv.BD_Cycles,256,52
2022-07-29 00:10:20,(2(0)-1659024620:175605),sendBuffComp.SendState,9732,SEND_IDLE
2022-07-29 00:10:19,(2(0)-1659024619:175697),systemResources.CPU_00,19205,3.09 percent
2022-07-29 00:10:19,(2(0)-1659024619:175731),systemResources.CPU_01,19206,2.06 percent
2022-07-29 00:10:19,(2(0)-1659024619:175758),systemResources.CPU_02,19207,5.88 percent
2022-07-29 00:10:19,(2(0)-1659024619:175785),systemResources.CPU_03,19208,5.05 percent
2022-07-29 00:10:19,(2(0)-1659024619:175812),systemResources.CPU_04,19209,3.00 percent
2022-07-29 00:10:19,(2(0)-1659024619:175840),systemResources.CPU_05,19210,4.08 percent
2022-07-29 00:10:19,(2(0)-1659024619:175867),systemResources.CPU_06,19211,4.04 percent
2022-07-29 00:10:19,(2(0)-1659024619:175894),systemResources.CPU_07,19212,2.15 percent
2022-07-29 00:10:19,(2(0)-1659024619:175896),systemResources.CPU,19204,3.67 percent
2022-07-29 00:10:19,(2(0)-1659024619:175933),systemResources.MEMORY_TOTAL,19200,16120712 KB
2022-07-29 00:10:19,(2(0)-1659024619:175937),systemResources.MEMORY_USED,19201,4557252 KB
2022-07-29 00:10:19,(2(0)-1659024619:175945),systemResources.NON_VOLATILE_FREE,19203,475442204 KB
2022-07-29 00:10:19,(2(0)-1659024619:175945),systemResources.NON_VOLATILE_TOTAL,19202,490617784 KB
2022-07-29 00:10:19,(2(0)-1659024619:175948),systemResources.FRAMEWORK_VERSION,19221,v3.1.0-51-g1f7b07da3
2022-07-29 00:10:19,(2(0)-1659024619:175950),systemResources.PROJECT_VERSION,19222,v3.1.0-51-g1f7b07da3
2022-07-29 00:10:20,(2(0)-1659024620:175795),pingRcvr.PR_NumPings,2560,13
2022-07-29 00:10:20,(2(0)-1659024620:175861),systemResources.CPU_00,19205,4.00 percent
2022-07-29 00:10:20,(2(0)-1659024620:175910),systemResources.CPU_01,19206,2.06 percent
2022-07-29 00:10:20,(2(0)-1659024620:175956),systemResources.CPU_02,19207,1.02 percent
2022-07-29 00:10:20,(2(0)-1659024620:175985),systemResources.CPU_03,19208,3.03 percent
2022-07-29 00:10:20,(2(0)-1659024620:176012),systemResources.CPU_04,19209,3.00 percent
2022-07-29 00:10:20,(2(0)-1659024620:176039),systemResources.CPU_05,19210,8.82 percent
2022-07-29 00:10:20,(2(0)-1659024620:176065),systemResources.CPU_06,19211,2.97 percent
2022-07-29 00:10:20,(2(0)-1659024620:176092),systemResources.CPU_07,19212,3.23 percent
2022-07-29 00:10:20,(2(0)-1659024620:176093),systemResources.CPU,19204,3.52 percent
2022-07-29 00:10:20,(2(0)-1659024620:176137),systemResources.MEMORY_TOTAL,19200,16120712 KB
2022-07-29 00:10:20,(2(0)-1659024620:176139),systemResources.MEMORY_USED,19201,4554632 KB
2022-07-29 00:10:20,(2(0)-1659024620:176148),systemResources.NON_VOLATILE_FREE,19203,475442200 KB
2022-07-29 00:10:20,(2(0)-1659024620:176149),systemResources.NON_VOLATILE_TOTAL,19202,490617784 KB
2022-07-29 00:10:20,(2(0)-1659024620:176152),systemResources.FRAMEWORK_VERSION,19221,v3.1.0-51-g1f7b07da3
2022-07-29 00:10:20,(2(0)-1659024620:176156),systemResources.PROJECT_VERSION,19222,v3.1.0-51-g1f7b07da3
2022-07-29 00:10:21,(2(0)-1659024621:175779),blockDrv.BD_Cycles,256,53
2022-07-29 00:10:22,(2(0)-1659024622:175917),blockDrv.BD_Cycles,256,54
2022-07-29 00:10:22,(2(0)-1659024622:175937),sendBuffComp.SendState,9732,SEND_IDLE
2022-07-29 00:10:21,(2(0)-1659024621:176074),systemResources.CPU_00,19205,3.03 percent
2022-07-29 00:10:21,(2(0)-1659024621:176127),systemResources.CPU_01,19206,7.77 percent
2022-07-29 00:10:21,(2(0)-1659024621:176172),systemResources.CPU_02,19207,3.03 percent
2022-07-29 00:10:21,(2(0)-1659024621:176218),systemResources.CPU_03,19208,1.03 percent
2022-07-29 00:10:21,(2(0)-1659024621:176267),systemResources.CPU_04,19209,2.02 percent
2022-07-29 00:10:21,(2(0)-1659024621:176308),systemResources.CPU_05,19210,5.05 percent
2022-07-29 00:10:21,(2(0)-1659024621:176337),systemResources.CPU_06,19211,0.00 percent
2022-07-29 00:10:21,(2(0)-1659024621:176367),systemResources.CPU_07,19212,1.01 percent
2022-07-29 00:10:21,(2(0)-1659024621:176368),systemResources.CPU,19204,2.87 percent
2022-07-29 00:10:21,(2(0)-1659024621:176412),systemResources.MEMORY_TOTAL,19200,16120712 KB
2022-07-29 00:10:21,(2(0)-1659024621:176414),systemResources.MEMORY_USED,19201,4556536 KB
2022-07-29 00:10:21,(2(0)-1659024621:176425),systemResources.NON_VOLATILE_FREE,19203,475442200 KB
2022-07-29 00:10:21,(2(0)-1659024621:176426),systemResources.NON_VOLATILE_TOTAL,19202,490617784 KB
2022-07-29 00:10:21,(2(0)-1659024621:176430),systemResources.FRAMEWORK_VERSION,19221,v3.1.0-51-g1f7b07da3
2022-07-29 00:10:21,(2(0)-1659024621:176433),systemResources.PROJECT_VERSION,19222,v3.1.0-51-g1f7b07da3
2022-07-29 00:10:22,(2(0)-1659024622:176168),systemResources.CPU_00,19205,3.00 percent
2022-07-29 00:10:22,(2(0)-1659024622:176185),systemResources.CPU_01,19206,2.08 percent
2022-07-29 00:10:22,(2(0)-1659024622:176198),systemResources.CPU_02,19207,3.96 percent
2022-07-29 00:10:22,(2(0)-1659024622:176210),systemResources.CPU_03,19208,1.03 percent
2022-07-29 00:10:22,(2(0)-1659024622:176224),systemResources.CPU_04,19209,2.02 percent
2022-07-29 00:10:22,(2(0)-1659024622:176239),systemResources.CPU_05,19210,3.09 percent
2022-07-29 00:10:22,(2(0)-1659024622:176248),systemResources.CPU_06,19211,2.00 percent
2022-07-29 00:10:22,(2(0)-1659024622:176256),systemResources.CPU_07,19212,3.23 percent
2022-07-29 00:10:22,(2(0)-1659024622:176257),systemResources.CPU,19204,2.55 percent
2022-07-29 00:10:22,(2(0)-1659024622:176296),systemResources.MEMORY_TOTAL,19200,16120712 KB
2022-07-29 00:10:22,(2(0)-1659024622:176296),systemResources.MEMORY_USED,19201,4552272 KB
2022-07-29 00:10:22,(2(0)-1659024622:176303),systemResources.NON_VOLATILE_FREE,19203,475442196 KB
2022-07-29 00:10:22,(2(0)-1659024622:176303),systemResources.NON_VOLATILE_TOTAL,19202,490617784 KB
2022-07-29 00:10:22,(2(0)-1659024622:176306),systemResources.FRAMEWORK_VERSION,19221,v3.1.0-51-g1f7b07da3
2022-07-29 00:10:22,(2(0)-1659024622:176307),systemResources.PROJECT_VERSION,19222,v3.1.0-51-g1f7b07da3
2022-07-29 00:10:23,(2(0)-1659024623:176040),blockDrv.BD_Cycles,256,55
2022-07-29 00:10:24,(2(0)-1659024624:176155),blockDrv.BD_Cycles,256,56
2022-07-29 00:10:24,(2(0)-1659024624:176167),sendBuffComp.SendState,9732,SEND_IDLE
2022-07-29 00:10:23,(2(0)-1659024623:176338),systemResources.CPU_00,19205,4.00 percent
2022-07-29 00:10:23,(2(0)-1659024623:176386),systemResources.CPU_01,19206,9.09 percent
2022-07-29 00:10:23,(2(0)-1659024623:176428),systemResources.CPU_02,19207,2.06 percent
2022-07-29 00:10:23,(2(0)-1659024623:176471),systemResources.CPU_03,19208,3.03 percent
2022-07-29 00:10:23,(2(0)-1659024623:176499),systemResources.CPU_04,19209,3.06 percent
2022-07-29 00:10:23,(2(0)-1659024623:176526),systemResources.CPU_05,19210,6.00 percent
2022-07-29 00:10:23,(2(0)-1659024623:176552),systemResources.CPU_06,19211,3.00 percent
2022-07-29 00:10:23,(2(0)-1659024623:176584),systemResources.CPU_07,19212,3.12 percent
2022-07-29 00:10:23,(2(0)-1659024623:176585),systemResources.CPU,19204,4.17 percent
2022-07-29 00:10:23,(2(0)-1659024623:176622),systemResources.MEMORY_TOTAL,19200,16120712 KB
2022-07-29 00:10:23,(2(0)-1659024623:176623),systemResources.MEMORY_USED,19201,4554924 KB
2022-07-29 00:10:23,(2(0)-1659024623:176632),systemResources.NON_VOLATILE_FREE,19203,475442112 KB
2022-07-29 00:10:23,(2(0)-1659024623:176634),systemResources.NON_VOLATILE_TOTAL,19202,490617784 KB
2022-07-29 00:10:23,(2(0)-1659024623:176637),systemResources.FRAMEWORK_VERSION,19221,v3.1.0-51-g1f7b07da3
2022-07-29 00:10:23,(2(0)-1659024623:176641),systemResources.PROJECT_VERSION,19222,v3.1.0-51-g1f7b07da3
2022-07-29 00:10:24,(2(0)-1659024624:176237),pingRcvr.PR_NumPings,2560,14
2022-07-29 00:10:24,(2(0)-1659024624:176314),systemResources.CPU_00,19205,2.02 percent
2022-07-29 00:10:24,(2(0)-1659024624:176331),systemResources.CPU_01,19206,3.12 percent
2022-07-29 00:10:24,(2(0)-1659024624:176345),systemResources.CPU_02,19207,4.00 percent
2022-07-29 00:10:24,(2(0)-1659024624:176357),systemResources.CPU_03,19208,2.08 percent
2022-07-29 00:10:24,(2(0)-1659024624:176370),systemResources.CPU_04,19209,4.00 percent
2022-07-29 00:10:24,(2(0)-1659024624:176382),systemResources.CPU_05,19210,3.03 percent
2022-07-29 00:10:24,(2(0)-1659024624:176390),systemResources.CPU_06,19211,3.00 percent
2022-07-29 00:10:24,(2(0)-1659024624:176399),systemResources.CPU_07,19212,8.60 percent
2022-07-29 00:10:24,(2(0)-1659024624:176400),systemResources.CPU,19204,3.73 percent
2022-07-29 00:10:24,(2(0)-1659024624:176419),systemResources.MEMORY_TOTAL,19200,16120712 KB
2022-07-29 00:10:24,(2(0)-1659024624:176420),systemResources.MEMORY_USED,19201,4556548 KB
2022-07-29 00:10:24,(2(0)-1659024624:176426),systemResources.NON_VOLATILE_FREE,19203,475442112 KB
2022-07-29 00:10:24,(2(0)-1659024624:176426),systemResources.NON_VOLATILE_TOTAL,19202,490617784 KB
2022-07-29 00:10:24,(2(0)-1659024624:176427),systemResources.FRAMEWORK_VERSION,19221,v3.1.0-51-g1f7b07da3
2022-07-29 00:10:24,(2(0)-1659024624:176428),systemResources.PROJECT_VERSION,19222,v3.1.0-51-g1f7b07da3
2022-07-29 00:10:25,(2(0)-1659024625:176237),blockDrv.BD_Cycles,256,57
2022-07-29 00:10:26,(2(0)-1659024626:176466),blockDrv.BD_Cycles,256,58
2022-07-29 00:10:26,(2(0)-1659024626:176486),sendBuffComp.SendState,9732,SEND_IDLE
2022-07-29 00:10:25,(2(0)-1659024625:176338),systemResources.CPU_00,19205,3.09 percent
2022-07-29 00:10:25,(2(0)-1659024625:176356),systemResources.CPU_01,19206,6.25 percent
2022-07-29 00:10:25,(2(0)-1659024625:176370),systemResources.CPU_02,19207,6.12 percent
2022-07-29 00:10:25,(2(0)-1659024625:176384),systemResources.CPU_03,19208,4.08 percent
2022-07-29 00:10:25,(2(0)-1659024625:176397),systemResources.CPU_04,19209,5.05 percent
2022-07-29 00:10:25,(2(0)-1659024625:176409),systemResources.CPU_05,19210,3.06 percent
2022-07-29 00:10:25,(2(0)-1659024625:176422),systemResources.CPU_06,19211,5.00 percent
2022-07-29 00:10:25,(2(0)-1659024625:176436),systemResources.CPU_07,19212,11.83 percent
2022-07-29 00:10:25,(2(0)-1659024625:176436),systemResources.CPU,19204,5.56 percent
2022-07-29 00:10:25,(2(0)-1659024625:176453),systemResources.MEMORY_TOTAL,19200,16120712 KB
2022-07-29 00:10:25,(2(0)-1659024625:176454),systemResources.MEMORY_USED,19201,4550460 KB
2022-07-29 00:10:25,(2(0)-1659024625:176458),systemResources.NON_VOLATILE_FREE,19203,475442052 KB
2022-07-29 00:10:25,(2(0)-1659024625:176458),systemResources.NON_VOLATILE_TOTAL,19202,490617784 KB
2022-07-29 00:10:25,(2(0)-1659024625:176459),systemResources.FRAMEWORK_VERSION,19221,v3.1.0-51-g1f7b07da3
2022-07-29 00:10:25,(2(0)-1659024625:176460),systemResources.PROJECT_VERSION,19222,v3.1.0-51-g1f7b07da3
2022-07-29 00:10:26,(2(0)-1659024626:176644),systemResources.CPU_00,19205,4.00 percent
2022-07-29 00:10:26,(2(0)-1659024626:176659),systemResources.CPU_01,19206,5.10 percent
2022-07-29 00:10:26,(2(0)-1659024626:176672),systemResources.CPU_02,19207,2.97 percent
2022-07-29 00:10:26,(2(0)-1659024626:176684),systemResources.CPU_03,19208,6.00 percent
2022-07-29 00:10:26,(2(0)-1659024626:176697),systemResources.CPU_04,19209,4.08 percent
2022-07-29 00:10:26,(2(0)-1659024626:176709),systemResources.CPU_05,19210,3.00 percent
2022-07-29 00:10:26,(2(0)-1659024626:176726),systemResources.CPU_06,19211,5.00 percent
2022-07-29 00:10:26,(2(0)-1659024626:176747),systemResources.CPU_07,19212,5.21 percent
2022-07-29 00:10:26,(2(0)-1659024626:176748),systemResources.CPU,19204,4.42 percent
2022-07-29 00:10:26,(2(0)-1659024626:176771),systemResources.MEMORY_TOTAL,19200,16120712 KB
2022-07-29 00:10:26,(2(0)-1659024626:176772),systemResources.MEMORY_USED,19201,4576108 KB
2022-07-29 00:10:26,(2(0)-1659024626:176777),systemResources.NON_VOLATILE_FREE,19203,475442028 KB
2022-07-29 00:10:26,(2(0)-1659024626:176777),systemResources.NON_VOLATILE_TOTAL,19202,490617784 KB
2022-07-29 00:10:26,(2(0)-1659024626:176779),systemResources.FRAMEWORK_VERSION,19221,v3.1.0-51-g1f7b07da3
2022-07-29 00:10:26,(2(0)-1659024626:176780),systemResources.PROJECT_VERSION,19222,v3.1.0-51-g1f7b07da3
2022-07-29 00:10:27,(2(0)-1659024627:176567),blockDrv.BD_Cycles,256,59
2022-07-29 00:10:28,(2(0)-1659024628:176737),blockDrv.BD_Cycles,256,60
2022-07-29 00:10:28,(2(0)-1659024628:176748),sendBuffComp.SendState,9732,SEND_IDLE
2022-07-29 00:10:27,(2(0)-1659024627:176840),systemResources.CPU_00,19205,6.00 percent
2022-07-29 00:10:27,(2(0)-1659024627:176850),systemResources.CPU_01,19206,3.06 percent
2022-07-29 00:10:27,(2(0)-1659024627:176857),systemResources.CPU_02,19207,4.00 percent
2022-07-29 00:10:27,(2(0)-1659024627:176868),systemResources.CPU_03,19208,5.10 percent
2022-07-29 00:10:27,(2(0)-1659024627:176880),systemResources.CPU_04,19209,10.00 percent
2022-07-29 00:10:27,(2(0)-1659024627:176890),systemResources.CPU_05,19210,8.74 percent
2022-07-29 00:10:27,(2(0)-1659024627:176901),systemResources.CPU_06,19211,3.03 percent
2022-07-29 00:10:27,(2(0)-1659024627:176912),systemResources.CPU_07,19212,8.42 percent
2022-07-29 00:10:27,(2(0)-1659024627:176912),systemResources.CPU,19204,6.04 percent
2022-07-29 00:10:27,(2(0)-1659024627:176931),systemResources.MEMORY_TOTAL,19200,16120712 KB
2022-07-29 00:10:27,(2(0)-1659024627:176931),systemResources.MEMORY_USED,19201,4578716 KB
2022-07-29 00:10:27,(2(0)-1659024627:176936),systemResources.NON_VOLATILE_FREE,19203,475441976 KB
2022-07-29 00:10:27,(2(0)-1659024627:176936),systemResources.NON_VOLATILE_TOTAL,19202,490617784 KB
2022-07-29 00:10:27,(2(0)-1659024627:176938),systemResources.FRAMEWORK_VERSION,19221,v3.1.0-51-g1f7b07da3
2022-07-29 00:10:27,(2(0)-1659024627:176939),systemResources.PROJECT_VERSION,19222,v3.1.0-51-g1f7b07da3
2022-07-29 00:10:28,(2(0)-1659024628:176796),pingRcvr.PR_NumPings,2560,15
2022-07-29 00:10:28,(2(0)-1659024628:176873),systemResources.CPU_00,19205,5.15 percent
2022-07-29 00:10:28,(2(0)-1659024628:176882),systemResources.CPU_01,19206,7.07 percent
2022-07-29 00:10:28,(2(0)-1659024628:176890),systemResources.CPU_02,19207,4.04 percent
2022-07-29 00:10:28,(2(0)-1659024628:176897),systemResources.CPU_03,19208,7.00 percent
2022-07-29 00:10:28,(2(0)-1659024628:176907),systemResources.CPU_04,19209,5.10 percent
2022-07-29 00:10:28,(2(0)-1659024628:176917),systemResources.CPU_05,19210,5.15 percent
2022-07-29 00:10:28,(2(0)-1659024628:176927),systemResources.CPU_06,19211,7.07 percent
2022-07-29 00:10:28,(2(0)-1659024628:176939),systemResources.CPU_07,19212,5.43 percent
2022-07-29 00:10:28,(2(0)-1659024628:176939),systemResources.CPU,19204,5.75 percent
2022-07-29 00:10:28,(2(0)-1659024628:176956),systemResources.MEMORY_TOTAL,19200,16120712 KB
2022-07-29 00:10:28,(2(0)-1659024628:176957),systemResources.MEMORY_USED,19201,4583104 KB
2022-07-29 00:10:28,(2(0)-1659024628:176962),systemResources.NON_VOLATILE_FREE,19203,475441932 KB
2022-07-29 00:10:28,(2(0)-1659024628:176962),systemResources.NON_VOLATILE_TOTAL,19202,490617784 KB
2022-07-29 00:10:28,(2(0)-1659024628:176963),systemResources.FRAMEWORK_VERSION,19221,v3.1.0-51-g1f7b07da3
2022-07-29 00:10:28,(2(0)-1659024628:176965),systemResources.PROJECT_VERSION,19222,v3.1.0-51-g1f7b07da3
2022-07-29 00:10:29,(2(0)-1659024629:176926),blockDrv.BD_Cycles,256,61
2022-07-29 00:10:30,(2(0)-1659024630:177012),blockDrv.BD_Cycles,256,62
2022-07-29 00:10:30,(2(0)-1659024630:177025),sendBuffComp.SendState,9732,SEND_IDLE
2022-07-29 00:10:29,(2(0)-1659024629:177207),systemResources.CPU_00,19205,7.07 percent
2022-07-29 00:10:29,(2(0)-1659024629:177242),systemResources.CPU_01,19206,5.00 percent
2022-07-29 00:10:29,(2(0)-1659024629:177272),systemResources.CPU_02,19207,9.18 percent
2022-07-29 00:10:29,(2(0)-1659024629:177299),systemResources.CPU_03,19208,9.80 percent
2022-07-29 00:10:29,(2(0)-1659024629:177326),systemResources.CPU_04,19209,9.00 percent
2022-07-29 00:10:29,(2(0)-1659024629:177371),systemResources.CPU_05,19210,9.00 percent
2022-07-29 00:10:29,(2(0)-1659024629:177400),systemResources.CPU_06,19211,6.93 percent
2022-07-29 00:10:29,(2(0)-1659024629:177428),systemResources.CPU_07,19212,9.28 percent
2022-07-29 00:10:29,(2(0)-1659024629:177429),systemResources.CPU,19204,8.16 percent
2022-07-29 00:10:29,(2(0)-1659024629:177459),systemResources.MEMORY_TOTAL,19200,16120712 KB
2022-07-29 00:10:29,(2(0)-1659024629:177461),systemResources.MEMORY_USED,19201,4668540 KB
2022-07-29 00:10:29,(2(0)-1659024629:177468),systemResources.NON_VOLATILE_FREE,19203,475441920 KB
2022-07-29 00:10:29,(2(0)-1659024629:177469),systemResources.NON_VOLATILE_TOTAL,19202,490617784 KB
2022-07-29 00:10:29,(2(0)-1659024629:177471),systemResources.FRAMEWORK_VERSION,19221,v3.1.0-51-g1f7b07da3
2022-07-29 00:10:29,(2(0)-1659024629:177474),systemResources.PROJECT_VERSION,19222,v3.1.0-51-g1f7b07da3
2022-07-29 00:10:30,(2(0)-1659024630:177105),systemResources.CPU_00,19205,10.10 percent
2022-07-29 00:10:30,(2(0)-1659024630:177114),systemResources.CPU_01,19206,11.34 percent
2022-07-29 00:10:30,(2(0)-1659024630:177122),systemResources.CPU_02,19207,11.65 percent
2022-07-29 00:10:30,(2(0)-1659024630:177131),systemResources.CPU_03,19208,7.14 percent
2022-07-29 00:10:30,(2(0)-1659024630:177152),systemResources.CPU_04,19209,14.71 percent
2022-07-29 00:10:30,(2(0)-1659024630:177159),systemResources.CPU_05,19210,9.00 percent
2022-07-29 00:10:30,(2(0)-1659024630:177167),systemResources.CPU_06,19211,7.07 percent
2022-07-29 00:10:30,(2(0)-1659024630:177174),systemResources.CPU_07,19212,9.18 percent
2022-07-29 00:10:30,(2(0)-1659024630:177174),systemResources.CPU,19204,10.02 percent
2022-07-29 00:10:30,(2(0)-1659024630:177189),systemResources.MEMORY_TOTAL,19200,16120712 KB
2022-07-29 00:10:30,(2(0)-1659024630:177189),systemResources.MEMORY_USED,19201,4697448 KB
2022-07-29 00:10:30,(2(0)-1659024630:177193),systemResources.NON_VOLATILE_FREE,19203,475441916 KB
2022-07-29 00:10:30,(2(0)-1659024630:177194),systemResources.NON_VOLATILE_TOTAL,19202,490617784 KB
2022-07-29 00:10:30,(2(0)-1659024630:177194),systemResources.FRAMEWORK_VERSION,19221,v3.1.0-51-g1f7b07da3
2022-07-29 00:10:30,(2(0)-1659024630:177195),systemResources.PROJECT_VERSION,19222,v3.1.0-51-g1f7b07da3
2022-07-29 00:10:31,(2(0)-1659024631:177135),blockDrv.BD_Cycles,256,63
2022-07-29 00:10:32,(2(0)-1659024632:177343),blockDrv.BD_Cycles,256,64
2022-07-29 00:10:31,(2(0)-1659024631:177426),systemResources.CPU_00,19205,4.08 percent
2022-07-29 00:10:31,(2(0)-1659024631:177475),systemResources.CPU_01,19206,6.00 percent
2022-07-29 00:10:31,(2(0)-1659024631:177523),systemResources.CPU_02,19207,6.06 percent
2022-07-29 00:10:31,(2(0)-1659024631:177570),systemResources.CPU_03,19208,4.08 percent
2022-07-29 00:10:31,(2(0)-1659024631:177604),systemResources.CPU_04,19209,3.03 percent
2022-07-29 00:10:31,(2(0)-1659024631:177632),systemResources.CPU_05,19210,3.00 percent
2022-07-29 00:10:31,(2(0)-1659024631:177661),systemResources.CPU_06,19211,9.09 percent
2022-07-29 00:10:31,(2(0)-1659024631:177691),systemResources.CPU_07,19212,7.37 percent
2022-07-29 00:10:31,(2(0)-1659024631:177692),systemResources.CPU,19204,5.34 percent
2022-07-29 00:10:31,(2(0)-1659024631:177724),systemResources.MEMORY_TOTAL,19200,16120712 KB
2022-07-29 00:10:31,(2(0)-1659024631:177726),systemResources.MEMORY_USED,19201,4667144 KB
2022-07-29 00:10:31,(2(0)-1659024631:177733),systemResources.NON_VOLATILE_FREE,19203,475441876 KB
2022-07-29 00:10:31,(2(0)-1659024631:177734),systemResources.NON_VOLATILE_TOTAL,19202,490617784 KB
2022-07-29 00:10:31,(2(0)-1659024631:177736),systemResources.FRAMEWORK_VERSION,19221,v3.1.0-51-g1f7b07da3
2022-07-29 00:10:31,(2(0)-1659024631:177739),systemResources.PROJECT_VERSION,19222,v3.1.0-51-g1f7b07da3
2022-07-29 00:10:32,(2(0)-1659024632:177554),pingRcvr.PR_NumPings,2560,16
2022-07-29 00:10:32,(2(0)-1659024632:177508),systemResources.CPU_00,19205,3.96 percent
2022-07-29 00:10:32,(2(0)-1659024632:177547),systemResources.CPU_01,19206,5.05 percent
2022-07-29 00:10:32,(2(0)-1659024632:177579),systemResources.CPU_02,19207,2.04 percent
2022-07-29 00:10:32,(2(0)-1659024632:177603),systemResources.CPU_03,19208,5.05 percent
2022-07-29 00:10:32,(2(0)-1659024632:177626),systemResources.CPU_04,19209,3.03 percent
2022-07-29 00:10:32,(2(0)-1659024632:177648),systemResources.CPU_05,19210,2.04 percent
2022-07-29 00:10:32,(2(0)-1659024632:177671),systemResources.CPU_06,19211,4.00 percent
2022-07-29 00:10:32,(2(0)-1659024632:177693),systemResources.CPU_07,19212,5.38 percent
2022-07-29 00:10:32,(2(0)-1659024632:177694),systemResources.CPU,19204,3.82 percent
2022-07-29 00:10:32,(2(0)-1659024632:177723),systemResources.MEMORY_TOTAL,19200,16120712 KB
2022-07-29 00:10:32,(2(0)-1659024632:177724),systemResources.MEMORY_USED,19201,4609416 KB
2022-07-29 00:10:32,(2(0)-1659024632:177730),systemResources.NON_VOLATILE_FREE,19203,475441876 KB
2022-07-29 00:10:32,(2(0)-1659024632:177731),systemResources.NON_VOLATILE_TOTAL,19202,490617784 KB
2022-07-29 00:10:32,(2(0)-1659024632:177733),systemResources.FRAMEWORK_VERSION,19221,v3.1.0-51-g1f7b07da3
2022-07-29 00:10:32,(2(0)-1659024632:177735),systemResources.PROJECT_VERSION,19222,v3.1.0-51-g1f7b07da3
2022-07-29 00:10:33,(2(0)-1659024633:177515),blockDrv.BD_Cycles,256,65
2022-07-29 00:10:32,(2(0)-1659024632:177476),sendBuffComp.SendState,9732,SEND_IDLE
2022-07-29 00:10:34,(2(0)-1659024634:177629),blockDrv.BD_Cycles,256,66
2022-07-29 00:10:34,(2(0)-1659024634:177682),sendBuffComp.SendState,9732,SEND_IDLE
2022-07-29 00:10:33,(2(0)-1659024633:177645),systemResources.CPU_00,19205,7.00 percent
2022-07-29 00:10:33,(2(0)-1659024633:177655),systemResources.CPU_01,19206,4.12 percent
2022-07-29 00:10:33,(2(0)-1659024633:177663),systemResources.CPU_02,19207,5.00 percent
2022-07-29 00:10:33,(2(0)-1659024633:177671),systemResources.CPU_03,19208,5.05 percent
2022-07-29 00:10:33,(2(0)-1659024633:177678),systemResources.CPU_04,19209,4.08 percent
2022-07-29 00:10:33,(2(0)-1659024633:177686),systemResources.CPU_05,19210,5.05 percent
2022-07-29 00:10:33,(2(0)-1659024633:177694),systemResources.CPU_06,19211,9.09 percent
2022-07-29 00:10:33,(2(0)-1659024633:177701),systemResources.CPU_07,19212,9.09 percent
2022-07-29 00:10:33,(2(0)-1659024633:177701),systemResources.CPU,19204,6.06 percent
2022-07-29 00:10:33,(2(0)-1659024633:177717),systemResources.MEMORY_TOTAL,19200,16120712 KB
2022-07-29 00:10:33,(2(0)-1659024633:177718),systemResources.MEMORY_USED,19201,4586132 KB
2022-07-29 00:10:33,(2(0)-1659024633:177721),systemResources.NON_VOLATILE_FREE,19203,475441892 KB
2022-07-29 00:10:33,(2(0)-1659024633:177721),systemResources.NON_VOLATILE_TOTAL,19202,490617784 KB
2022-07-29 00:10:33,(2(0)-1659024633:177722),systemResources.FRAMEWORK_VERSION,19221,v3.1.0-51-g1f7b07da3
2022-07-29 00:10:33,(2(0)-1659024633:177722),systemResources.PROJECT_VERSION,19222,v3.1.0-51-g1f7b07da3
